2022-04-12 23:30:08,136 - elsapy.elsclient - INFO - Module loaded.
2022-04-12 23:30:38,507 - elsapy.elsclient - INFO - Module loaded.
2022-04-12 23:30:39,589 - elsapy.elsentity - INFO - Module loaded.
2022-04-12 23:30:39,590 - elsapy.utils - INFO - Module loaded.
2022-04-12 23:30:39,590 - elsapy.elsprofile - INFO - Module loaded.
2022-04-12 23:30:39,591 - elsapy.elsdoc - INFO - Module loaded.
2022-04-12 23:30:39,592 - elsapy.elssearch - INFO - Module loaded.
2022-04-12 23:31:08,997 - elsapy.elsclient - INFO - Module loaded.
2022-04-12 23:31:09,303 - elsapy.elsentity - INFO - Module loaded.
2022-04-12 23:31:09,305 - elsapy.utils - INFO - Module loaded.
2022-04-12 23:31:09,305 - elsapy.elsprofile - INFO - Module loaded.
2022-04-12 23:31:09,306 - elsapy.elsdoc - INFO - Module loaded.
2022-04-12 23:31:09,307 - elsapy.elssearch - INFO - Module loaded.
2022-04-12 23:32:55,700 - elsapy.elsclient - INFO - Module loaded.
2022-04-12 23:32:56,009 - elsapy.elsentity - INFO - Module loaded.
2022-04-12 23:32:56,009 - elsapy.utils - INFO - Module loaded.
2022-04-12 23:32:56,010 - elsapy.elsprofile - INFO - Module loaded.
2022-04-12 23:32:56,010 - elsapy.elsdoc - INFO - Module loaded.
2022-04-12 23:32:56,011 - elsapy.elssearch - INFO - Module loaded.
2022-04-12 23:35:09,331 - elsapy.elsclient - INFO - Module loaded.
2022-04-12 23:35:09,640 - elsapy.elsentity - INFO - Module loaded.
2022-04-12 23:35:09,641 - elsapy.utils - INFO - Module loaded.
2022-04-12 23:35:09,641 - elsapy.elsprofile - INFO - Module loaded.
2022-04-12 23:35:09,643 - elsapy.elsdoc - INFO - Module loaded.
2022-04-12 23:35:09,643 - elsapy.elssearch - INFO - Module loaded.
2022-04-12 23:35:52,899 - elsapy.elsclient - INFO - Module loaded.
2022-04-12 23:35:53,215 - elsapy.elsentity - INFO - Module loaded.
2022-04-12 23:35:53,215 - elsapy.utils - INFO - Module loaded.
2022-04-12 23:35:53,215 - elsapy.elsprofile - INFO - Module loaded.
2022-04-12 23:35:53,216 - elsapy.elsdoc - INFO - Module loaded.
2022-04-12 23:35:53,217 - elsapy.elssearch - INFO - Module loaded.
2022-04-12 23:36:11,058 - elsapy.elsclient - INFO - Module loaded.
2022-04-12 23:36:11,373 - elsapy.elsentity - INFO - Module loaded.
2022-04-12 23:36:11,374 - elsapy.utils - INFO - Module loaded.
2022-04-12 23:36:11,374 - elsapy.elsprofile - INFO - Module loaded.
2022-04-12 23:36:11,375 - elsapy.elsdoc - INFO - Module loaded.
2022-04-12 23:36:11,376 - elsapy.elssearch - INFO - Module loaded.
2022-04-12 23:36:16,575 - elsapy.elsclient - INFO - Module loaded.
2022-04-12 23:36:16,875 - elsapy.elsentity - INFO - Module loaded.
2022-04-12 23:36:16,876 - elsapy.utils - INFO - Module loaded.
2022-04-12 23:36:16,876 - elsapy.elsprofile - INFO - Module loaded.
2022-04-12 23:36:16,877 - elsapy.elsdoc - INFO - Module loaded.
2022-04-12 23:36:16,878 - elsapy.elssearch - INFO - Module loaded.
2022-04-12 23:36:23,359 - elsapy.elsclient - INFO - Module loaded.
2022-04-12 23:36:23,701 - elsapy.elsentity - INFO - Module loaded.
2022-04-12 23:36:23,702 - elsapy.utils - INFO - Module loaded.
2022-04-12 23:36:23,702 - elsapy.elsprofile - INFO - Module loaded.
2022-04-12 23:36:23,703 - elsapy.elsdoc - INFO - Module loaded.
2022-04-12 23:36:23,704 - elsapy.elssearch - INFO - Module loaded.
2022-04-12 23:37:06,930 - elsapy.elsclient - INFO - Module loaded.
2022-04-12 23:37:07,244 - elsapy.elsentity - INFO - Module loaded.
2022-04-12 23:37:07,245 - elsapy.utils - INFO - Module loaded.
2022-04-12 23:37:07,246 - elsapy.elsprofile - INFO - Module loaded.
2022-04-12 23:37:07,246 - elsapy.elsdoc - INFO - Module loaded.
2022-04-12 23:37:07,247 - elsapy.elssearch - INFO - Module loaded.
2022-04-12 23:37:17,812 - elsapy.elsclient - INFO - Module loaded.
2022-04-12 23:37:18,117 - elsapy.elsentity - INFO - Module loaded.
2022-04-12 23:37:18,118 - elsapy.utils - INFO - Module loaded.
2022-04-12 23:37:18,118 - elsapy.elsprofile - INFO - Module loaded.
2022-04-12 23:37:18,119 - elsapy.elsdoc - INFO - Module loaded.
2022-04-12 23:37:18,120 - elsapy.elssearch - INFO - Module loaded.
2022-04-12 23:37:26,709 - elsapy.elsclient - INFO - Module loaded.
2022-04-12 23:37:27,042 - elsapy.elsentity - INFO - Module loaded.
2022-04-12 23:37:27,043 - elsapy.utils - INFO - Module loaded.
2022-04-12 23:37:27,044 - elsapy.elsprofile - INFO - Module loaded.
2022-04-12 23:37:27,045 - elsapy.elsdoc - INFO - Module loaded.
2022-04-12 23:37:27,046 - elsapy.elssearch - INFO - Module loaded.
2022-04-12 23:37:32,252 - elsapy.elsclient - INFO - Module loaded.
2022-04-12 23:37:32,586 - elsapy.elsentity - INFO - Module loaded.
2022-04-12 23:37:32,587 - elsapy.utils - INFO - Module loaded.
2022-04-12 23:37:32,588 - elsapy.elsprofile - INFO - Module loaded.
2022-04-12 23:37:32,588 - elsapy.elsdoc - INFO - Module loaded.
2022-04-12 23:37:32,589 - elsapy.elssearch - INFO - Module loaded.
2022-04-12 23:39:04,698 - elsapy.elsclient - INFO - Module loaded.
2022-04-12 23:39:05,012 - elsapy.elsentity - INFO - Module loaded.
2022-04-12 23:39:05,012 - elsapy.utils - INFO - Module loaded.
2022-04-12 23:39:05,012 - elsapy.elsprofile - INFO - Module loaded.
2022-04-12 23:39:05,013 - elsapy.elsdoc - INFO - Module loaded.
2022-04-12 23:39:05,014 - elsapy.elssearch - INFO - Module loaded.
2022-04-12 23:39:05,708 - elsapy.elsclient - INFO - Sending GET request to https://api.elsevier.com/content/author/author_id/43461712600
2022-04-12 23:39:06,196 - elsapy.elsentity - WARNING - HTTP 401 Error from https://api.elsevier.com/content/author/author_id/43461712600
and using headers {'X-ELS-APIKey': '5993bfc49e0c6e07aa0265dc6578be84', 'User-Agent': 'elsapy-v0.5.0', 'Accept': 'application/json'}:
{"service-error":{"status":{"statusCode":"AUTHORIZATION_ERROR","statusText":"The requestor is not authorized to access the requested view or fields of the resource"}}}
