2022-04-16 15:50:52,144 - elsapy.elsclient - INFO - Module loaded.
2022-04-16 15:50:53,482 - elsapy.elsentity - INFO - Module loaded.
2022-04-16 15:50:53,484 - elsapy.utils - INFO - Module loaded.
2022-04-16 15:50:53,484 - elsapy.elsprofile - INFO - Module loaded.
2022-04-16 15:50:53,485 - elsapy.elsdoc - INFO - Module loaded.
2022-04-16 15:50:53,486 - elsapy.elssearch - INFO - Module loaded.
2022-04-16 15:51:12,012 - elsapy.elsclient - INFO - Module loaded.
2022-04-16 15:51:12,331 - elsapy.elsentity - INFO - Module loaded.
2022-04-16 15:51:12,332 - elsapy.utils - INFO - Module loaded.
2022-04-16 15:51:12,332 - elsapy.elsprofile - INFO - Module loaded.
2022-04-16 15:51:12,333 - elsapy.elsdoc - INFO - Module loaded.
2022-04-16 15:51:12,333 - elsapy.elssearch - INFO - Module loaded.
2022-04-16 15:57:50,206 - elsapy.elsclient - INFO - Module loaded.
2022-04-16 15:57:50,529 - elsapy.elsentity - INFO - Module loaded.
2022-04-16 15:57:50,529 - elsapy.utils - INFO - Module loaded.
2022-04-16 15:57:50,529 - elsapy.elsprofile - INFO - Module loaded.
2022-04-16 15:57:50,530 - elsapy.elsdoc - INFO - Module loaded.
2022-04-16 15:57:50,531 - elsapy.elssearch - INFO - Module loaded.
2022-04-16 15:58:35,023 - elsapy.elsclient - INFO - Module loaded.
2022-04-16 15:58:35,340 - elsapy.elsentity - INFO - Module loaded.
2022-04-16 15:58:35,340 - elsapy.utils - INFO - Module loaded.
2022-04-16 15:58:35,341 - elsapy.elsprofile - INFO - Module loaded.
2022-04-16 15:58:35,342 - elsapy.elsdoc - INFO - Module loaded.
2022-04-16 15:58:35,342 - elsapy.elssearch - INFO - Module loaded.
2022-04-16 15:58:46,662 - elsapy.elsclient - INFO - Module loaded.
2022-04-16 15:58:46,974 - elsapy.elsentity - INFO - Module loaded.
2022-04-16 15:58:46,974 - elsapy.utils - INFO - Module loaded.
2022-04-16 15:58:46,975 - elsapy.elsprofile - INFO - Module loaded.
2022-04-16 15:58:46,975 - elsapy.elsdoc - INFO - Module loaded.
2022-04-16 15:58:46,976 - elsapy.elssearch - INFO - Module loaded.
2022-04-16 15:59:30,447 - elsapy.elsclient - INFO - Module loaded.
2022-04-16 15:59:30,765 - elsapy.elsentity - INFO - Module loaded.
2022-04-16 15:59:30,766 - elsapy.utils - INFO - Module loaded.
2022-04-16 15:59:30,766 - elsapy.elsprofile - INFO - Module loaded.
2022-04-16 15:59:30,767 - elsapy.elsdoc - INFO - Module loaded.
2022-04-16 15:59:30,767 - elsapy.elssearch - INFO - Module loaded.
2022-04-16 16:01:36,077 - elsapy.elsclient - INFO - Module loaded.
2022-04-16 16:01:36,388 - elsapy.elsentity - INFO - Module loaded.
2022-04-16 16:01:36,389 - elsapy.utils - INFO - Module loaded.
2022-04-16 16:01:36,389 - elsapy.elsprofile - INFO - Module loaded.
2022-04-16 16:01:36,390 - elsapy.elsdoc - INFO - Module loaded.
2022-04-16 16:01:36,391 - elsapy.elssearch - INFO - Module loaded.
2022-04-16 16:02:06,419 - elsapy.elsclient - INFO - Module loaded.
2022-04-16 16:02:06,736 - elsapy.elsentity - INFO - Module loaded.
2022-04-16 16:02:06,736 - elsapy.utils - INFO - Module loaded.
2022-04-16 16:02:06,737 - elsapy.elsprofile - INFO - Module loaded.
2022-04-16 16:02:06,737 - elsapy.elsdoc - INFO - Module loaded.
2022-04-16 16:02:06,738 - elsapy.elssearch - INFO - Module loaded.
2022-04-16 16:02:17,125 - elsapy.elsclient - INFO - Module loaded.
2022-04-16 16:02:17,482 - elsapy.elsentity - INFO - Module loaded.
2022-04-16 16:02:17,483 - elsapy.utils - INFO - Module loaded.
2022-04-16 16:02:17,483 - elsapy.elsprofile - INFO - Module loaded.
2022-04-16 16:02:17,484 - elsapy.elsdoc - INFO - Module loaded.
2022-04-16 16:02:17,485 - elsapy.elssearch - INFO - Module loaded.
2022-04-16 16:02:33,071 - elsapy.elsclient - INFO - Module loaded.
2022-04-16 16:02:33,378 - elsapy.elsentity - INFO - Module loaded.
2022-04-16 16:02:33,379 - elsapy.utils - INFO - Module loaded.
2022-04-16 16:02:33,379 - elsapy.elsprofile - INFO - Module loaded.
2022-04-16 16:02:33,380 - elsapy.elsdoc - INFO - Module loaded.
2022-04-16 16:02:33,381 - elsapy.elssearch - INFO - Module loaded.
2022-04-16 16:04:21,188 - elsapy.elsclient - INFO - Module loaded.
2022-04-16 16:04:21,496 - elsapy.elsentity - INFO - Module loaded.
2022-04-16 16:04:21,497 - elsapy.utils - INFO - Module loaded.
2022-04-16 16:04:21,497 - elsapy.elsprofile - INFO - Module loaded.
2022-04-16 16:04:21,497 - elsapy.elsdoc - INFO - Module loaded.
2022-04-16 16:04:21,498 - elsapy.elssearch - INFO - Module loaded.
2022-04-16 16:04:37,883 - elsapy.elsclient - INFO - Module loaded.
2022-04-16 16:04:38,192 - elsapy.elsentity - INFO - Module loaded.
2022-04-16 16:04:38,193 - elsapy.utils - INFO - Module loaded.
2022-04-16 16:04:38,193 - elsapy.elsprofile - INFO - Module loaded.
2022-04-16 16:04:38,194 - elsapy.elsdoc - INFO - Module loaded.
2022-04-16 16:04:38,194 - elsapy.elssearch - INFO - Module loaded.
2022-04-16 16:04:41,102 - elsapy.elsclient - INFO - Module loaded.
2022-04-16 16:04:41,411 - elsapy.elsentity - INFO - Module loaded.
2022-04-16 16:04:41,412 - elsapy.utils - INFO - Module loaded.
2022-04-16 16:04:41,412 - elsapy.elsprofile - INFO - Module loaded.
2022-04-16 16:04:41,413 - elsapy.elsdoc - INFO - Module loaded.
2022-04-16 16:04:41,413 - elsapy.elssearch - INFO - Module loaded.
2022-04-16 16:05:38,178 - elsapy.elsclient - INFO - Module loaded.
2022-04-16 16:05:38,480 - elsapy.elsentity - INFO - Module loaded.
2022-04-16 16:05:38,481 - elsapy.utils - INFO - Module loaded.
2022-04-16 16:05:38,481 - elsapy.elsprofile - INFO - Module loaded.
2022-04-16 16:05:38,481 - elsapy.elsdoc - INFO - Module loaded.
2022-04-16 16:05:38,482 - elsapy.elssearch - INFO - Module loaded.
2022-04-16 16:05:48,671 - elsapy.elsclient - INFO - Module loaded.
2022-04-16 16:05:48,992 - elsapy.elsentity - INFO - Module loaded.
2022-04-16 16:05:48,992 - elsapy.utils - INFO - Module loaded.
2022-04-16 16:05:48,993 - elsapy.elsprofile - INFO - Module loaded.
2022-04-16 16:05:48,993 - elsapy.elsdoc - INFO - Module loaded.
2022-04-16 16:05:48,994 - elsapy.elssearch - INFO - Module loaded.
2022-04-16 16:05:51,904 - elsapy.elsclient - INFO - Module loaded.
2022-04-16 16:05:52,282 - elsapy.elsentity - INFO - Module loaded.
2022-04-16 16:05:52,282 - elsapy.utils - INFO - Module loaded.
2022-04-16 16:05:52,283 - elsapy.elsprofile - INFO - Module loaded.
2022-04-16 16:05:52,283 - elsapy.elsdoc - INFO - Module loaded.
2022-04-16 16:05:52,284 - elsapy.elssearch - INFO - Module loaded.
2022-04-16 16:15:36,200 - elsapy.elsclient - INFO - Module loaded.
2022-04-16 16:15:36,535 - elsapy.elsentity - INFO - Module loaded.
2022-04-16 16:15:36,535 - elsapy.utils - INFO - Module loaded.
2022-04-16 16:15:36,536 - elsapy.elsprofile - INFO - Module loaded.
2022-04-16 16:15:36,537 - elsapy.elsdoc - INFO - Module loaded.
2022-04-16 16:15:36,537 - elsapy.elssearch - INFO - Module loaded.
2022-04-16 16:16:02,238 - elsapy.elsclient - INFO - Module loaded.
2022-04-16 16:16:02,565 - elsapy.elsentity - INFO - Module loaded.
2022-04-16 16:16:02,566 - elsapy.utils - INFO - Module loaded.
2022-04-16 16:16:02,566 - elsapy.elsprofile - INFO - Module loaded.
2022-04-16 16:16:02,567 - elsapy.elsdoc - INFO - Module loaded.
2022-04-16 16:16:02,567 - elsapy.elssearch - INFO - Module loaded.
2022-04-16 16:16:12,997 - elsapy.elsclient - INFO - Module loaded.
2022-04-16 16:16:13,345 - elsapy.elsentity - INFO - Module loaded.
2022-04-16 16:16:13,346 - elsapy.utils - INFO - Module loaded.
2022-04-16 16:16:13,346 - elsapy.elsprofile - INFO - Module loaded.
2022-04-16 16:16:13,347 - elsapy.elsdoc - INFO - Module loaded.
2022-04-16 16:16:13,348 - elsapy.elssearch - INFO - Module loaded.
2022-04-16 16:16:24,820 - elsapy.elsclient - INFO - Module loaded.
2022-04-16 16:16:25,153 - elsapy.elsentity - INFO - Module loaded.
2022-04-16 16:16:25,154 - elsapy.utils - INFO - Module loaded.
2022-04-16 16:16:25,154 - elsapy.elsprofile - INFO - Module loaded.
2022-04-16 16:16:25,155 - elsapy.elsdoc - INFO - Module loaded.
2022-04-16 16:16:25,155 - elsapy.elssearch - INFO - Module loaded.
2022-04-16 16:16:28,296 - elsapy.elsclient - INFO - Module loaded.
2022-04-16 16:16:28,628 - elsapy.elsentity - INFO - Module loaded.
2022-04-16 16:16:28,629 - elsapy.utils - INFO - Module loaded.
2022-04-16 16:16:28,629 - elsapy.elsprofile - INFO - Module loaded.
2022-04-16 16:16:28,630 - elsapy.elsdoc - INFO - Module loaded.
2022-04-16 16:16:28,631 - elsapy.elssearch - INFO - Module loaded.
2022-04-16 16:16:32,794 - elsapy.elsclient - INFO - Module loaded.
2022-04-16 16:16:33,113 - elsapy.elsentity - INFO - Module loaded.
2022-04-16 16:16:33,114 - elsapy.utils - INFO - Module loaded.
2022-04-16 16:16:33,114 - elsapy.elsprofile - INFO - Module loaded.
2022-04-16 16:16:33,115 - elsapy.elsdoc - INFO - Module loaded.
2022-04-16 16:16:33,115 - elsapy.elssearch - INFO - Module loaded.
2022-04-16 16:16:44,502 - elsapy.elsclient - INFO - Module loaded.
2022-04-16 16:16:44,818 - elsapy.elsentity - INFO - Module loaded.
2022-04-16 16:16:44,819 - elsapy.utils - INFO - Module loaded.
2022-04-16 16:16:44,819 - elsapy.elsprofile - INFO - Module loaded.
2022-04-16 16:16:44,820 - elsapy.elsdoc - INFO - Module loaded.
2022-04-16 16:16:44,821 - elsapy.elssearch - INFO - Module loaded.
2022-04-16 16:17:11,850 - elsapy.elsclient - INFO - Module loaded.
2022-04-16 16:17:12,164 - elsapy.elsentity - INFO - Module loaded.
2022-04-16 16:17:12,165 - elsapy.utils - INFO - Module loaded.
2022-04-16 16:17:12,165 - elsapy.elsprofile - INFO - Module loaded.
2022-04-16 16:17:12,165 - elsapy.elsdoc - INFO - Module loaded.
2022-04-16 16:17:12,166 - elsapy.elssearch - INFO - Module loaded.
2022-04-16 16:17:36,753 - elsapy.elsclient - INFO - Module loaded.
2022-04-16 16:17:37,080 - elsapy.elsentity - INFO - Module loaded.
2022-04-16 16:17:37,081 - elsapy.utils - INFO - Module loaded.
2022-04-16 16:17:37,081 - elsapy.elsprofile - INFO - Module loaded.
2022-04-16 16:17:37,082 - elsapy.elsdoc - INFO - Module loaded.
2022-04-16 16:17:37,083 - elsapy.elssearch - INFO - Module loaded.
2022-04-16 16:21:10,393 - elsapy.elsclient - INFO - Module loaded.
2022-04-16 16:21:10,707 - elsapy.elsentity - INFO - Module loaded.
2022-04-16 16:21:10,708 - elsapy.utils - INFO - Module loaded.
2022-04-16 16:21:10,708 - elsapy.elsprofile - INFO - Module loaded.
2022-04-16 16:21:10,709 - elsapy.elsdoc - INFO - Module loaded.
2022-04-16 16:21:10,710 - elsapy.elssearch - INFO - Module loaded.
2022-04-16 16:21:12,752 - elsapy.elsclient - INFO - Module loaded.
2022-04-16 16:21:13,064 - elsapy.elsentity - INFO - Module loaded.
2022-04-16 16:21:13,065 - elsapy.utils - INFO - Module loaded.
2022-04-16 16:21:13,065 - elsapy.elsprofile - INFO - Module loaded.
2022-04-16 16:21:13,066 - elsapy.elsdoc - INFO - Module loaded.
2022-04-16 16:21:13,067 - elsapy.elssearch - INFO - Module loaded.
2022-04-16 16:31:21,889 - elsapy.elsclient - INFO - Module loaded.
2022-04-16 16:31:22,213 - elsapy.elsentity - INFO - Module loaded.
2022-04-16 16:31:22,213 - elsapy.utils - INFO - Module loaded.
2022-04-16 16:31:22,214 - elsapy.elsprofile - INFO - Module loaded.
2022-04-16 16:31:22,214 - elsapy.elsdoc - INFO - Module loaded.
2022-04-16 16:31:22,215 - elsapy.elssearch - INFO - Module loaded.
2022-04-16 16:33:18,227 - elsapy.elsclient - INFO - Module loaded.
2022-04-16 16:33:18,537 - elsapy.elsentity - INFO - Module loaded.
2022-04-16 16:33:18,538 - elsapy.utils - INFO - Module loaded.
2022-04-16 16:33:18,538 - elsapy.elsprofile - INFO - Module loaded.
2022-04-16 16:33:18,539 - elsapy.elsdoc - INFO - Module loaded.
2022-04-16 16:33:18,539 - elsapy.elssearch - INFO - Module loaded.
2022-04-16 16:33:27,824 - elsapy.elsclient - INFO - Module loaded.
2022-04-16 16:33:28,138 - elsapy.elsentity - INFO - Module loaded.
2022-04-16 16:33:28,139 - elsapy.utils - INFO - Module loaded.
2022-04-16 16:33:28,139 - elsapy.elsprofile - INFO - Module loaded.
2022-04-16 16:33:28,140 - elsapy.elsdoc - INFO - Module loaded.
2022-04-16 16:33:28,140 - elsapy.elssearch - INFO - Module loaded.
2022-04-16 16:34:20,025 - elsapy.elsclient - INFO - Module loaded.
2022-04-16 16:34:20,370 - elsapy.elsentity - INFO - Module loaded.
2022-04-16 16:34:20,371 - elsapy.utils - INFO - Module loaded.
2022-04-16 16:34:20,371 - elsapy.elsprofile - INFO - Module loaded.
2022-04-16 16:34:20,372 - elsapy.elsdoc - INFO - Module loaded.
2022-04-16 16:34:20,373 - elsapy.elssearch - INFO - Module loaded.
2022-04-16 16:34:33,975 - elsapy.elsclient - INFO - Module loaded.
2022-04-16 16:34:34,333 - elsapy.elsentity - INFO - Module loaded.
2022-04-16 16:34:34,334 - elsapy.utils - INFO - Module loaded.
2022-04-16 16:34:34,334 - elsapy.elsprofile - INFO - Module loaded.
2022-04-16 16:34:34,335 - elsapy.elsdoc - INFO - Module loaded.
2022-04-16 16:34:34,336 - elsapy.elssearch - INFO - Module loaded.
2022-04-16 16:34:44,807 - elsapy.elsclient - INFO - Module loaded.
2022-04-16 16:34:45,147 - elsapy.elsentity - INFO - Module loaded.
2022-04-16 16:34:45,148 - elsapy.utils - INFO - Module loaded.
2022-04-16 16:34:45,148 - elsapy.elsprofile - INFO - Module loaded.
2022-04-16 16:34:45,149 - elsapy.elsdoc - INFO - Module loaded.
2022-04-16 16:34:45,150 - elsapy.elssearch - INFO - Module loaded.
2022-04-16 16:35:21,494 - elsapy.elsclient - INFO - Module loaded.
2022-04-16 16:35:21,832 - elsapy.elsentity - INFO - Module loaded.
2022-04-16 16:35:21,833 - elsapy.utils - INFO - Module loaded.
2022-04-16 16:35:21,833 - elsapy.elsprofile - INFO - Module loaded.
2022-04-16 16:35:21,834 - elsapy.elsdoc - INFO - Module loaded.
2022-04-16 16:35:21,835 - elsapy.elssearch - INFO - Module loaded.
2022-04-16 16:35:29,176 - elsapy.elsclient - INFO - Module loaded.
2022-04-16 16:35:29,533 - elsapy.elsentity - INFO - Module loaded.
2022-04-16 16:35:29,534 - elsapy.utils - INFO - Module loaded.
2022-04-16 16:35:29,534 - elsapy.elsprofile - INFO - Module loaded.
2022-04-16 16:35:29,535 - elsapy.elsdoc - INFO - Module loaded.
2022-04-16 16:35:29,535 - elsapy.elssearch - INFO - Module loaded.
2022-04-16 16:35:38,006 - elsapy.elsclient - INFO - Module loaded.
2022-04-16 16:35:38,384 - elsapy.elsentity - INFO - Module loaded.
2022-04-16 16:35:38,385 - elsapy.utils - INFO - Module loaded.
2022-04-16 16:35:38,385 - elsapy.elsprofile - INFO - Module loaded.
2022-04-16 16:35:38,386 - elsapy.elsdoc - INFO - Module loaded.
2022-04-16 16:35:38,387 - elsapy.elssearch - INFO - Module loaded.
2022-04-16 16:36:02,227 - elsapy.elsclient - INFO - Module loaded.
2022-04-16 16:36:02,538 - elsapy.elsentity - INFO - Module loaded.
2022-04-16 16:36:02,539 - elsapy.utils - INFO - Module loaded.
2022-04-16 16:36:02,539 - elsapy.elsprofile - INFO - Module loaded.
2022-04-16 16:36:02,540 - elsapy.elsdoc - INFO - Module loaded.
2022-04-16 16:36:02,541 - elsapy.elssearch - INFO - Module loaded.
2022-04-16 16:36:16,012 - elsapy.elsclient - INFO - Module loaded.
2022-04-16 16:36:16,319 - elsapy.elsentity - INFO - Module loaded.
2022-04-16 16:36:16,320 - elsapy.utils - INFO - Module loaded.
2022-04-16 16:36:16,320 - elsapy.elsprofile - INFO - Module loaded.
2022-04-16 16:36:16,321 - elsapy.elsdoc - INFO - Module loaded.
2022-04-16 16:36:16,321 - elsapy.elssearch - INFO - Module loaded.
2022-04-16 16:37:25,704 - elsapy.elsclient - INFO - Module loaded.
2022-04-16 16:37:26,040 - elsapy.elsentity - INFO - Module loaded.
2022-04-16 16:37:26,040 - elsapy.utils - INFO - Module loaded.
2022-04-16 16:37:26,041 - elsapy.elsprofile - INFO - Module loaded.
2022-04-16 16:37:26,041 - elsapy.elsdoc - INFO - Module loaded.
2022-04-16 16:37:26,042 - elsapy.elssearch - INFO - Module loaded.
2022-04-16 16:37:58,191 - elsapy.elsclient - INFO - Module loaded.
2022-04-16 16:37:58,509 - elsapy.elsentity - INFO - Module loaded.
2022-04-16 16:37:58,510 - elsapy.utils - INFO - Module loaded.
2022-04-16 16:37:58,510 - elsapy.elsprofile - INFO - Module loaded.
2022-04-16 16:37:58,511 - elsapy.elsdoc - INFO - Module loaded.
2022-04-16 16:37:58,511 - elsapy.elssearch - INFO - Module loaded.
2022-04-16 16:38:44,186 - elsapy.elsclient - INFO - Module loaded.
2022-04-16 16:38:44,519 - elsapy.elsentity - INFO - Module loaded.
2022-04-16 16:38:44,520 - elsapy.utils - INFO - Module loaded.
2022-04-16 16:38:44,520 - elsapy.elsprofile - INFO - Module loaded.
2022-04-16 16:38:44,520 - elsapy.elsdoc - INFO - Module loaded.
2022-04-16 16:38:44,521 - elsapy.elssearch - INFO - Module loaded.
2022-04-16 16:39:54,753 - elsapy.elsclient - INFO - Module loaded.
2022-04-16 16:39:55,082 - elsapy.elsentity - INFO - Module loaded.
2022-04-16 16:39:55,083 - elsapy.utils - INFO - Module loaded.
2022-04-16 16:39:55,083 - elsapy.elsprofile - INFO - Module loaded.
2022-04-16 16:39:55,084 - elsapy.elsdoc - INFO - Module loaded.
2022-04-16 16:39:55,085 - elsapy.elssearch - INFO - Module loaded.
2022-04-16 16:40:06,487 - elsapy.elsclient - INFO - Module loaded.
2022-04-16 16:40:06,808 - elsapy.elsentity - INFO - Module loaded.
2022-04-16 16:40:06,809 - elsapy.utils - INFO - Module loaded.
2022-04-16 16:40:06,809 - elsapy.elsprofile - INFO - Module loaded.
2022-04-16 16:40:06,810 - elsapy.elsdoc - INFO - Module loaded.
2022-04-16 16:40:06,810 - elsapy.elssearch - INFO - Module loaded.
2022-04-16 16:40:22,352 - elsapy.elsclient - INFO - Module loaded.
2022-04-16 16:40:22,667 - elsapy.elsentity - INFO - Module loaded.
2022-04-16 16:40:22,668 - elsapy.utils - INFO - Module loaded.
2022-04-16 16:40:22,668 - elsapy.elsprofile - INFO - Module loaded.
2022-04-16 16:40:22,669 - elsapy.elsdoc - INFO - Module loaded.
2022-04-16 16:40:22,670 - elsapy.elssearch - INFO - Module loaded.
2022-04-16 16:40:51,712 - elsapy.elsclient - INFO - Module loaded.
2022-04-16 16:40:52,046 - elsapy.elsentity - INFO - Module loaded.
2022-04-16 16:40:52,047 - elsapy.utils - INFO - Module loaded.
2022-04-16 16:40:52,047 - elsapy.elsprofile - INFO - Module loaded.
2022-04-16 16:40:52,048 - elsapy.elsdoc - INFO - Module loaded.
2022-04-16 16:40:52,048 - elsapy.elssearch - INFO - Module loaded.
2022-04-16 16:40:57,193 - elsapy.elsclient - INFO - Module loaded.
2022-04-16 16:40:57,500 - elsapy.elsentity - INFO - Module loaded.
2022-04-16 16:40:57,501 - elsapy.utils - INFO - Module loaded.
2022-04-16 16:40:57,501 - elsapy.elsprofile - INFO - Module loaded.
2022-04-16 16:40:57,502 - elsapy.elsdoc - INFO - Module loaded.
2022-04-16 16:40:57,503 - elsapy.elssearch - INFO - Module loaded.
2022-04-16 16:43:06,892 - elsapy.elsclient - INFO - Module loaded.
2022-04-16 16:43:07,208 - elsapy.elsentity - INFO - Module loaded.
2022-04-16 16:43:07,209 - elsapy.utils - INFO - Module loaded.
2022-04-16 16:43:07,209 - elsapy.elsprofile - INFO - Module loaded.
2022-04-16 16:43:07,210 - elsapy.elsdoc - INFO - Module loaded.
2022-04-16 16:43:07,211 - elsapy.elssearch - INFO - Module loaded.
2022-04-16 16:43:28,921 - elsapy.elsclient - INFO - Module loaded.
2022-04-16 16:43:29,237 - elsapy.elsentity - INFO - Module loaded.
2022-04-16 16:43:29,237 - elsapy.utils - INFO - Module loaded.
2022-04-16 16:43:29,238 - elsapy.elsprofile - INFO - Module loaded.
2022-04-16 16:43:29,239 - elsapy.elsdoc - INFO - Module loaded.
2022-04-16 16:43:29,239 - elsapy.elssearch - INFO - Module loaded.
2022-04-16 16:44:00,274 - elsapy.elsclient - INFO - Module loaded.
2022-04-16 16:44:00,583 - elsapy.elsentity - INFO - Module loaded.
2022-04-16 16:44:00,584 - elsapy.utils - INFO - Module loaded.
2022-04-16 16:44:00,584 - elsapy.elsprofile - INFO - Module loaded.
2022-04-16 16:44:00,585 - elsapy.elsdoc - INFO - Module loaded.
2022-04-16 16:44:00,585 - elsapy.elssearch - INFO - Module loaded.
2022-04-16 16:44:10,944 - elsapy.elsclient - INFO - Module loaded.
2022-04-16 16:44:11,264 - elsapy.elsentity - INFO - Module loaded.
2022-04-16 16:44:11,265 - elsapy.utils - INFO - Module loaded.
2022-04-16 16:44:11,266 - elsapy.elsprofile - INFO - Module loaded.
2022-04-16 16:44:11,266 - elsapy.elsdoc - INFO - Module loaded.
2022-04-16 16:44:11,267 - elsapy.elssearch - INFO - Module loaded.
2022-04-16 16:45:43,392 - elsapy.elsclient - INFO - Module loaded.
2022-04-16 16:45:43,707 - elsapy.elsentity - INFO - Module loaded.
2022-04-16 16:45:43,708 - elsapy.utils - INFO - Module loaded.
2022-04-16 16:45:43,708 - elsapy.elsprofile - INFO - Module loaded.
2022-04-16 16:45:43,709 - elsapy.elsdoc - INFO - Module loaded.
2022-04-16 16:45:43,710 - elsapy.elssearch - INFO - Module loaded.
2022-04-16 16:45:48,879 - elsapy.elsclient - INFO - Module loaded.
2022-04-16 16:45:49,190 - elsapy.elsentity - INFO - Module loaded.
2022-04-16 16:45:49,190 - elsapy.utils - INFO - Module loaded.
2022-04-16 16:45:49,191 - elsapy.elsprofile - INFO - Module loaded.
2022-04-16 16:45:49,192 - elsapy.elsdoc - INFO - Module loaded.
2022-04-16 16:45:49,192 - elsapy.elssearch - INFO - Module loaded.
2022-04-16 16:46:47,234 - elsapy.elsclient - INFO - Module loaded.
2022-04-16 16:46:47,583 - elsapy.elsentity - INFO - Module loaded.
2022-04-16 16:46:47,584 - elsapy.utils - INFO - Module loaded.
2022-04-16 16:46:47,584 - elsapy.elsprofile - INFO - Module loaded.
2022-04-16 16:46:47,585 - elsapy.elsdoc - INFO - Module loaded.
2022-04-16 16:46:47,586 - elsapy.elssearch - INFO - Module loaded.
2022-04-16 16:47:35,229 - elsapy.elsclient - INFO - Module loaded.
2022-04-16 16:47:35,536 - elsapy.elsentity - INFO - Module loaded.
2022-04-16 16:47:35,537 - elsapy.utils - INFO - Module loaded.
2022-04-16 16:47:35,537 - elsapy.elsprofile - INFO - Module loaded.
2022-04-16 16:47:35,538 - elsapy.elsdoc - INFO - Module loaded.
2022-04-16 16:47:35,539 - elsapy.elssearch - INFO - Module loaded.
2022-04-16 16:48:51,136 - elsapy.elsclient - INFO - Module loaded.
2022-04-16 16:48:51,450 - elsapy.elsentity - INFO - Module loaded.
2022-04-16 16:48:51,451 - elsapy.utils - INFO - Module loaded.
2022-04-16 16:48:51,451 - elsapy.elsprofile - INFO - Module loaded.
2022-04-16 16:48:51,452 - elsapy.elsdoc - INFO - Module loaded.
2022-04-16 16:48:51,453 - elsapy.elssearch - INFO - Module loaded.
2022-04-16 16:48:54,554 - elsapy.elsclient - INFO - Module loaded.
2022-04-16 16:48:54,874 - elsapy.elsentity - INFO - Module loaded.
2022-04-16 16:48:54,875 - elsapy.utils - INFO - Module loaded.
2022-04-16 16:48:54,875 - elsapy.elsprofile - INFO - Module loaded.
2022-04-16 16:48:54,876 - elsapy.elsdoc - INFO - Module loaded.
2022-04-16 16:48:54,877 - elsapy.elssearch - INFO - Module loaded.
2022-04-16 16:49:04,196 - elsapy.elsclient - INFO - Module loaded.
2022-04-16 16:49:04,505 - elsapy.elsentity - INFO - Module loaded.
2022-04-16 16:49:04,505 - elsapy.utils - INFO - Module loaded.
2022-04-16 16:49:04,505 - elsapy.elsprofile - INFO - Module loaded.
2022-04-16 16:49:04,506 - elsapy.elsdoc - INFO - Module loaded.
2022-04-16 16:49:04,507 - elsapy.elssearch - INFO - Module loaded.
2022-04-16 16:50:57,429 - elsapy.elsclient - INFO - Module loaded.
2022-04-16 16:50:57,755 - elsapy.elsentity - INFO - Module loaded.
2022-04-16 16:50:57,756 - elsapy.utils - INFO - Module loaded.
2022-04-16 16:50:57,756 - elsapy.elsprofile - INFO - Module loaded.
2022-04-16 16:50:57,757 - elsapy.elsdoc - INFO - Module loaded.
2022-04-16 16:50:57,758 - elsapy.elssearch - INFO - Module loaded.
2022-04-16 16:51:06,049 - elsapy.elsclient - INFO - Module loaded.
2022-04-16 16:51:06,362 - elsapy.elsentity - INFO - Module loaded.
2022-04-16 16:51:06,363 - elsapy.utils - INFO - Module loaded.
2022-04-16 16:51:06,363 - elsapy.elsprofile - INFO - Module loaded.
2022-04-16 16:51:06,364 - elsapy.elsdoc - INFO - Module loaded.
2022-04-16 16:51:06,365 - elsapy.elssearch - INFO - Module loaded.
2022-04-16 16:51:28,138 - elsapy.elsclient - INFO - Module loaded.
2022-04-16 16:51:28,488 - elsapy.elsentity - INFO - Module loaded.
2022-04-16 16:51:28,489 - elsapy.utils - INFO - Module loaded.
2022-04-16 16:51:28,489 - elsapy.elsprofile - INFO - Module loaded.
2022-04-16 16:51:28,490 - elsapy.elsdoc - INFO - Module loaded.
2022-04-16 16:51:28,491 - elsapy.elssearch - INFO - Module loaded.
2022-04-16 16:51:33,706 - elsapy.elsclient - INFO - Module loaded.
2022-04-16 16:51:34,025 - elsapy.elsentity - INFO - Module loaded.
2022-04-16 16:51:34,026 - elsapy.utils - INFO - Module loaded.
2022-04-16 16:51:34,026 - elsapy.elsprofile - INFO - Module loaded.
2022-04-16 16:51:34,026 - elsapy.elsdoc - INFO - Module loaded.
2022-04-16 16:51:34,027 - elsapy.elssearch - INFO - Module loaded.
2022-04-16 16:51:38,184 - elsapy.elsclient - INFO - Module loaded.
2022-04-16 16:51:38,495 - elsapy.elsentity - INFO - Module loaded.
2022-04-16 16:51:38,496 - elsapy.utils - INFO - Module loaded.
2022-04-16 16:51:38,496 - elsapy.elsprofile - INFO - Module loaded.
2022-04-16 16:51:38,497 - elsapy.elsdoc - INFO - Module loaded.
2022-04-16 16:51:38,497 - elsapy.elssearch - INFO - Module loaded.
2022-04-16 16:51:57,183 - elsapy.elsclient - INFO - Module loaded.
2022-04-16 16:51:57,492 - elsapy.elsentity - INFO - Module loaded.
2022-04-16 16:51:57,493 - elsapy.utils - INFO - Module loaded.
2022-04-16 16:51:57,493 - elsapy.elsprofile - INFO - Module loaded.
2022-04-16 16:51:57,494 - elsapy.elsdoc - INFO - Module loaded.
2022-04-16 16:51:57,494 - elsapy.elssearch - INFO - Module loaded.
2022-04-16 16:52:03,472 - elsapy.elsclient - INFO - Module loaded.
2022-04-16 16:52:03,779 - elsapy.elsentity - INFO - Module loaded.
2022-04-16 16:52:03,780 - elsapy.utils - INFO - Module loaded.
2022-04-16 16:52:03,780 - elsapy.elsprofile - INFO - Module loaded.
2022-04-16 16:52:03,781 - elsapy.elsdoc - INFO - Module loaded.
2022-04-16 16:52:03,781 - elsapy.elssearch - INFO - Module loaded.
2022-04-16 16:53:42,188 - elsapy.elsclient - INFO - Module loaded.
2022-04-16 16:53:42,520 - elsapy.elsentity - INFO - Module loaded.
2022-04-16 16:53:42,521 - elsapy.utils - INFO - Module loaded.
2022-04-16 16:53:42,522 - elsapy.elsprofile - INFO - Module loaded.
2022-04-16 16:53:42,522 - elsapy.elsdoc - INFO - Module loaded.
2022-04-16 16:53:42,523 - elsapy.elssearch - INFO - Module loaded.
2022-04-16 16:53:57,072 - elsapy.elsclient - INFO - Module loaded.
2022-04-16 16:53:57,413 - elsapy.elsentity - INFO - Module loaded.
2022-04-16 16:53:57,414 - elsapy.utils - INFO - Module loaded.
2022-04-16 16:53:57,414 - elsapy.elsprofile - INFO - Module loaded.
2022-04-16 16:53:57,415 - elsapy.elsdoc - INFO - Module loaded.
2022-04-16 16:53:57,416 - elsapy.elssearch - INFO - Module loaded.
2022-04-16 16:54:46,122 - elsapy.elsclient - INFO - Module loaded.
2022-04-16 16:54:46,430 - elsapy.elsentity - INFO - Module loaded.
2022-04-16 16:54:46,430 - elsapy.utils - INFO - Module loaded.
2022-04-16 16:54:46,430 - elsapy.elsprofile - INFO - Module loaded.
2022-04-16 16:54:46,431 - elsapy.elsdoc - INFO - Module loaded.
2022-04-16 16:54:46,432 - elsapy.elssearch - INFO - Module loaded.
2022-04-16 16:54:53,673 - elsapy.elsclient - INFO - Module loaded.
2022-04-16 16:54:53,982 - elsapy.elsentity - INFO - Module loaded.
2022-04-16 16:54:53,983 - elsapy.utils - INFO - Module loaded.
2022-04-16 16:54:53,983 - elsapy.elsprofile - INFO - Module loaded.
2022-04-16 16:54:53,984 - elsapy.elsdoc - INFO - Module loaded.
2022-04-16 16:54:53,985 - elsapy.elssearch - INFO - Module loaded.
2022-04-16 17:58:16,199 - elsapy.elsclient - INFO - Module loaded.
2022-04-16 17:58:16,522 - elsapy.elsentity - INFO - Module loaded.
2022-04-16 17:58:16,522 - elsapy.utils - INFO - Module loaded.
2022-04-16 17:58:16,522 - elsapy.elsprofile - INFO - Module loaded.
2022-04-16 17:58:16,523 - elsapy.elsdoc - INFO - Module loaded.
2022-04-16 17:58:16,524 - elsapy.elssearch - INFO - Module loaded.
2022-04-16 18:02:38,740 - elsapy.elsclient - INFO - Module loaded.
2022-04-16 18:02:39,049 - elsapy.elsentity - INFO - Module loaded.
2022-04-16 18:02:39,050 - elsapy.utils - INFO - Module loaded.
2022-04-16 18:02:39,050 - elsapy.elsprofile - INFO - Module loaded.
2022-04-16 18:02:39,051 - elsapy.elsdoc - INFO - Module loaded.
2022-04-16 18:02:39,052 - elsapy.elssearch - INFO - Module loaded.
2022-04-16 18:02:48,390 - elsapy.elsclient - INFO - Module loaded.
2022-04-16 18:02:48,693 - elsapy.elsentity - INFO - Module loaded.
2022-04-16 18:02:48,693 - elsapy.utils - INFO - Module loaded.
2022-04-16 18:02:48,694 - elsapy.elsprofile - INFO - Module loaded.
2022-04-16 18:02:48,695 - elsapy.elsdoc - INFO - Module loaded.
2022-04-16 18:02:48,695 - elsapy.elssearch - INFO - Module loaded.
2022-04-16 18:03:14,574 - elsapy.elsclient - INFO - Module loaded.
2022-04-16 18:03:14,879 - elsapy.elsentity - INFO - Module loaded.
2022-04-16 18:03:14,880 - elsapy.utils - INFO - Module loaded.
2022-04-16 18:03:14,880 - elsapy.elsprofile - INFO - Module loaded.
2022-04-16 18:03:14,881 - elsapy.elsdoc - INFO - Module loaded.
2022-04-16 18:03:14,881 - elsapy.elssearch - INFO - Module loaded.
2022-04-16 18:04:35,567 - elsapy.elsclient - INFO - Module loaded.
2022-04-16 18:04:35,873 - elsapy.elsentity - INFO - Module loaded.
2022-04-16 18:04:35,874 - elsapy.utils - INFO - Module loaded.
2022-04-16 18:04:35,874 - elsapy.elsprofile - INFO - Module loaded.
2022-04-16 18:04:35,875 - elsapy.elsdoc - INFO - Module loaded.
2022-04-16 18:04:35,876 - elsapy.elssearch - INFO - Module loaded.
2022-04-16 18:04:48,297 - elsapy.elsclient - INFO - Module loaded.
2022-04-16 18:04:48,600 - elsapy.elsentity - INFO - Module loaded.
2022-04-16 18:04:48,601 - elsapy.utils - INFO - Module loaded.
2022-04-16 18:04:48,601 - elsapy.elsprofile - INFO - Module loaded.
2022-04-16 18:04:48,602 - elsapy.elsdoc - INFO - Module loaded.
2022-04-16 18:04:48,603 - elsapy.elssearch - INFO - Module loaded.
2022-04-16 18:04:57,906 - elsapy.elsclient - INFO - Module loaded.
2022-04-16 18:04:58,207 - elsapy.elsentity - INFO - Module loaded.
2022-04-16 18:04:58,208 - elsapy.utils - INFO - Module loaded.
2022-04-16 18:04:58,208 - elsapy.elsprofile - INFO - Module loaded.
2022-04-16 18:04:58,209 - elsapy.elsdoc - INFO - Module loaded.
2022-04-16 18:04:58,209 - elsapy.elssearch - INFO - Module loaded.
2022-04-16 18:05:10,660 - elsapy.elsclient - INFO - Module loaded.
2022-04-16 18:05:10,966 - elsapy.elsentity - INFO - Module loaded.
2022-04-16 18:05:10,967 - elsapy.utils - INFO - Module loaded.
2022-04-16 18:05:10,967 - elsapy.elsprofile - INFO - Module loaded.
2022-04-16 18:05:10,968 - elsapy.elsdoc - INFO - Module loaded.
2022-04-16 18:05:10,969 - elsapy.elssearch - INFO - Module loaded.
2022-04-16 18:05:28,550 - elsapy.elsclient - INFO - Module loaded.
2022-04-16 18:05:28,867 - elsapy.elsentity - INFO - Module loaded.
2022-04-16 18:05:28,868 - elsapy.utils - INFO - Module loaded.
2022-04-16 18:05:28,868 - elsapy.elsprofile - INFO - Module loaded.
2022-04-16 18:05:28,869 - elsapy.elsdoc - INFO - Module loaded.
2022-04-16 18:05:28,869 - elsapy.elssearch - INFO - Module loaded.
2022-04-16 18:05:30,917 - elsapy.elsclient - INFO - Module loaded.
2022-04-16 18:05:31,220 - elsapy.elsentity - INFO - Module loaded.
2022-04-16 18:05:31,221 - elsapy.utils - INFO - Module loaded.
2022-04-16 18:05:31,221 - elsapy.elsprofile - INFO - Module loaded.
2022-04-16 18:05:31,221 - elsapy.elsdoc - INFO - Module loaded.
2022-04-16 18:05:31,222 - elsapy.elssearch - INFO - Module loaded.
2022-04-16 18:07:15,861 - elsapy.elsclient - INFO - Module loaded.
2022-04-16 18:07:16,184 - elsapy.elsentity - INFO - Module loaded.
2022-04-16 18:07:16,185 - elsapy.utils - INFO - Module loaded.
2022-04-16 18:07:16,185 - elsapy.elsprofile - INFO - Module loaded.
2022-04-16 18:07:16,186 - elsapy.elsdoc - INFO - Module loaded.
2022-04-16 18:07:16,186 - elsapy.elssearch - INFO - Module loaded.
2022-04-16 18:07:33,577 - elsapy.elsclient - INFO - Module loaded.
2022-04-16 18:07:33,879 - elsapy.elsentity - INFO - Module loaded.
2022-04-16 18:07:33,879 - elsapy.utils - INFO - Module loaded.
2022-04-16 18:07:33,880 - elsapy.elsprofile - INFO - Module loaded.
2022-04-16 18:07:33,881 - elsapy.elsdoc - INFO - Module loaded.
2022-04-16 18:07:33,881 - elsapy.elssearch - INFO - Module loaded.
2022-04-16 18:07:59,485 - elsapy.elsclient - INFO - Module loaded.
2022-04-16 18:07:59,787 - elsapy.elsentity - INFO - Module loaded.
2022-04-16 18:07:59,788 - elsapy.utils - INFO - Module loaded.
2022-04-16 18:07:59,788 - elsapy.elsprofile - INFO - Module loaded.
2022-04-16 18:07:59,789 - elsapy.elsdoc - INFO - Module loaded.
2022-04-16 18:07:59,789 - elsapy.elssearch - INFO - Module loaded.
2022-04-16 18:08:20,553 - elsapy.elsclient - INFO - Module loaded.
2022-04-16 18:08:20,853 - elsapy.elsentity - INFO - Module loaded.
2022-04-16 18:08:20,853 - elsapy.utils - INFO - Module loaded.
2022-04-16 18:08:20,854 - elsapy.elsprofile - INFO - Module loaded.
2022-04-16 18:08:20,854 - elsapy.elsdoc - INFO - Module loaded.
2022-04-16 18:08:20,855 - elsapy.elssearch - INFO - Module loaded.
2022-04-16 18:08:41,392 - elsapy.elsclient - INFO - Module loaded.
2022-04-16 18:08:41,707 - elsapy.elsentity - INFO - Module loaded.
2022-04-16 18:08:41,708 - elsapy.utils - INFO - Module loaded.
2022-04-16 18:08:41,708 - elsapy.elsprofile - INFO - Module loaded.
2022-04-16 18:08:41,709 - elsapy.elsdoc - INFO - Module loaded.
2022-04-16 18:08:41,710 - elsapy.elssearch - INFO - Module loaded.
2022-04-16 18:11:31,157 - elsapy.elsclient - INFO - Module loaded.
2022-04-16 18:11:31,462 - elsapy.elsentity - INFO - Module loaded.
2022-04-16 18:11:31,463 - elsapy.utils - INFO - Module loaded.
2022-04-16 18:11:31,463 - elsapy.elsprofile - INFO - Module loaded.
2022-04-16 18:11:31,464 - elsapy.elsdoc - INFO - Module loaded.
2022-04-16 18:11:31,465 - elsapy.elssearch - INFO - Module loaded.
2022-04-16 18:11:57,165 - elsapy.elsclient - INFO - Module loaded.
2022-04-16 18:11:57,463 - elsapy.elsentity - INFO - Module loaded.
2022-04-16 18:11:57,464 - elsapy.utils - INFO - Module loaded.
2022-04-16 18:11:57,464 - elsapy.elsprofile - INFO - Module loaded.
2022-04-16 18:11:57,465 - elsapy.elsdoc - INFO - Module loaded.
2022-04-16 18:11:57,466 - elsapy.elssearch - INFO - Module loaded.
2022-04-16 18:12:08,769 - elsapy.elsclient - INFO - Module loaded.
2022-04-16 18:12:09,104 - elsapy.elsentity - INFO - Module loaded.
2022-04-16 18:12:09,105 - elsapy.utils - INFO - Module loaded.
2022-04-16 18:12:09,105 - elsapy.elsprofile - INFO - Module loaded.
2022-04-16 18:12:09,106 - elsapy.elsdoc - INFO - Module loaded.
2022-04-16 18:12:09,107 - elsapy.elssearch - INFO - Module loaded.
2022-04-16 18:12:12,078 - elsapy.elsclient - INFO - Module loaded.
2022-04-16 18:12:12,378 - elsapy.elsentity - INFO - Module loaded.
2022-04-16 18:12:12,378 - elsapy.utils - INFO - Module loaded.
2022-04-16 18:12:12,379 - elsapy.elsprofile - INFO - Module loaded.
2022-04-16 18:12:12,379 - elsapy.elsdoc - INFO - Module loaded.
2022-04-16 18:12:12,380 - elsapy.elssearch - INFO - Module loaded.
2022-04-16 18:12:56,710 - elsapy.elsclient - INFO - Module loaded.
2022-04-16 18:12:57,025 - elsapy.elsentity - INFO - Module loaded.
2022-04-16 18:12:57,025 - elsapy.utils - INFO - Module loaded.
2022-04-16 18:12:57,026 - elsapy.elsprofile - INFO - Module loaded.
2022-04-16 18:12:57,026 - elsapy.elsdoc - INFO - Module loaded.
2022-04-16 18:12:57,027 - elsapy.elssearch - INFO - Module loaded.
2022-04-16 18:13:00,990 - elsapy.elsclient - INFO - Module loaded.
2022-04-16 18:13:01,296 - elsapy.elsentity - INFO - Module loaded.
2022-04-16 18:13:01,296 - elsapy.utils - INFO - Module loaded.
2022-04-16 18:13:01,297 - elsapy.elsprofile - INFO - Module loaded.
2022-04-16 18:13:01,298 - elsapy.elsdoc - INFO - Module loaded.
2022-04-16 18:13:01,298 - elsapy.elssearch - INFO - Module loaded.
2022-04-16 18:13:08,357 - elsapy.elsclient - INFO - Module loaded.
2022-04-16 18:13:08,661 - elsapy.elsentity - INFO - Module loaded.
2022-04-16 18:13:08,662 - elsapy.utils - INFO - Module loaded.
2022-04-16 18:13:08,662 - elsapy.elsprofile - INFO - Module loaded.
2022-04-16 18:13:08,663 - elsapy.elsdoc - INFO - Module loaded.
2022-04-16 18:13:08,663 - elsapy.elssearch - INFO - Module loaded.
2022-04-16 18:13:15,725 - elsapy.elsclient - INFO - Module loaded.
2022-04-16 18:13:16,025 - elsapy.elsentity - INFO - Module loaded.
2022-04-16 18:13:16,026 - elsapy.utils - INFO - Module loaded.
2022-04-16 18:13:16,026 - elsapy.elsprofile - INFO - Module loaded.
2022-04-16 18:13:16,027 - elsapy.elsdoc - INFO - Module loaded.
2022-04-16 18:13:16,028 - elsapy.elssearch - INFO - Module loaded.
2022-04-16 18:13:23,013 - elsapy.elsclient - INFO - Module loaded.
2022-04-16 18:13:23,311 - elsapy.elsentity - INFO - Module loaded.
2022-04-16 18:13:23,312 - elsapy.utils - INFO - Module loaded.
2022-04-16 18:13:23,312 - elsapy.elsprofile - INFO - Module loaded.
2022-04-16 18:13:23,313 - elsapy.elsdoc - INFO - Module loaded.
2022-04-16 18:13:23,313 - elsapy.elssearch - INFO - Module loaded.
2022-04-16 18:14:30,578 - elsapy.elsclient - INFO - Module loaded.
2022-04-16 18:14:30,887 - elsapy.elsentity - INFO - Module loaded.
2022-04-16 18:14:30,888 - elsapy.utils - INFO - Module loaded.
2022-04-16 18:14:30,888 - elsapy.elsprofile - INFO - Module loaded.
2022-04-16 18:14:30,889 - elsapy.elsdoc - INFO - Module loaded.
2022-04-16 18:14:30,889 - elsapy.elssearch - INFO - Module loaded.
2022-04-16 18:14:46,404 - elsapy.elsclient - INFO - Module loaded.
2022-04-16 18:14:46,719 - elsapy.elsentity - INFO - Module loaded.
2022-04-16 18:14:46,719 - elsapy.utils - INFO - Module loaded.
2022-04-16 18:14:46,720 - elsapy.elsprofile - INFO - Module loaded.
2022-04-16 18:14:46,721 - elsapy.elsdoc - INFO - Module loaded.
2022-04-16 18:14:46,721 - elsapy.elssearch - INFO - Module loaded.
2022-04-16 18:15:03,236 - elsapy.elsclient - INFO - Module loaded.
2022-04-16 18:15:03,551 - elsapy.elsentity - INFO - Module loaded.
2022-04-16 18:15:03,552 - elsapy.utils - INFO - Module loaded.
2022-04-16 18:15:03,552 - elsapy.elsprofile - INFO - Module loaded.
2022-04-16 18:15:03,553 - elsapy.elsdoc - INFO - Module loaded.
2022-04-16 18:15:03,554 - elsapy.elssearch - INFO - Module loaded.
2022-04-16 18:15:32,487 - elsapy.elsclient - INFO - Module loaded.
2022-04-16 18:15:32,795 - elsapy.elsentity - INFO - Module loaded.
2022-04-16 18:15:32,795 - elsapy.utils - INFO - Module loaded.
2022-04-16 18:15:32,796 - elsapy.elsprofile - INFO - Module loaded.
2022-04-16 18:15:32,796 - elsapy.elsdoc - INFO - Module loaded.
2022-04-16 18:15:32,797 - elsapy.elssearch - INFO - Module loaded.
2022-04-16 18:15:40,032 - elsapy.elsclient - INFO - Module loaded.
2022-04-16 18:15:40,333 - elsapy.elsentity - INFO - Module loaded.
2022-04-16 18:15:40,334 - elsapy.utils - INFO - Module loaded.
2022-04-16 18:15:40,334 - elsapy.elsprofile - INFO - Module loaded.
2022-04-16 18:15:40,334 - elsapy.elsdoc - INFO - Module loaded.
2022-04-16 18:15:40,335 - elsapy.elssearch - INFO - Module loaded.
2022-04-16 18:15:53,750 - elsapy.elsclient - INFO - Module loaded.
2022-04-16 18:15:54,052 - elsapy.elsentity - INFO - Module loaded.
2022-04-16 18:15:54,053 - elsapy.utils - INFO - Module loaded.
2022-04-16 18:15:54,053 - elsapy.elsprofile - INFO - Module loaded.
2022-04-16 18:15:54,054 - elsapy.elsdoc - INFO - Module loaded.
2022-04-16 18:15:54,055 - elsapy.elssearch - INFO - Module loaded.
2022-04-16 18:17:23,026 - elsapy.elsclient - INFO - Module loaded.
2022-04-16 18:17:23,339 - elsapy.elsentity - INFO - Module loaded.
2022-04-16 18:17:23,339 - elsapy.utils - INFO - Module loaded.
2022-04-16 18:17:23,340 - elsapy.elsprofile - INFO - Module loaded.
2022-04-16 18:17:23,340 - elsapy.elsdoc - INFO - Module loaded.
2022-04-16 18:17:23,341 - elsapy.elssearch - INFO - Module loaded.
2022-04-16 18:19:59,586 - elsapy.elsclient - INFO - Module loaded.
2022-04-16 18:19:59,898 - elsapy.elsentity - INFO - Module loaded.
2022-04-16 18:19:59,899 - elsapy.utils - INFO - Module loaded.
2022-04-16 18:19:59,899 - elsapy.elsprofile - INFO - Module loaded.
2022-04-16 18:19:59,900 - elsapy.elsdoc - INFO - Module loaded.
2022-04-16 18:19:59,901 - elsapy.elssearch - INFO - Module loaded.
2022-04-16 18:20:10,205 - elsapy.elsclient - INFO - Module loaded.
2022-04-16 18:20:10,505 - elsapy.elsentity - INFO - Module loaded.
2022-04-16 18:20:10,506 - elsapy.utils - INFO - Module loaded.
2022-04-16 18:20:10,506 - elsapy.elsprofile - INFO - Module loaded.
2022-04-16 18:20:10,507 - elsapy.elsdoc - INFO - Module loaded.
2022-04-16 18:20:10,507 - elsapy.elssearch - INFO - Module loaded.
2022-04-16 18:20:57,042 - elsapy.elsclient - INFO - Module loaded.
2022-04-16 18:20:57,346 - elsapy.elsentity - INFO - Module loaded.
2022-04-16 18:20:57,346 - elsapy.utils - INFO - Module loaded.
2022-04-16 18:20:57,347 - elsapy.elsprofile - INFO - Module loaded.
2022-04-16 18:20:57,347 - elsapy.elsdoc - INFO - Module loaded.
2022-04-16 18:20:57,348 - elsapy.elssearch - INFO - Module loaded.
2022-04-16 18:23:32,643 - elsapy.elsclient - INFO - Module loaded.
2022-04-16 18:23:32,947 - elsapy.elsentity - INFO - Module loaded.
2022-04-16 18:23:32,948 - elsapy.utils - INFO - Module loaded.
2022-04-16 18:23:32,948 - elsapy.elsprofile - INFO - Module loaded.
2022-04-16 18:23:32,949 - elsapy.elsdoc - INFO - Module loaded.
2022-04-16 18:23:32,950 - elsapy.elssearch - INFO - Module loaded.
2022-04-16 18:23:49,533 - elsapy.elsclient - INFO - Module loaded.
2022-04-16 18:23:49,833 - elsapy.elsentity - INFO - Module loaded.
2022-04-16 18:23:49,834 - elsapy.utils - INFO - Module loaded.
2022-04-16 18:23:49,834 - elsapy.elsprofile - INFO - Module loaded.
2022-04-16 18:23:49,835 - elsapy.elsdoc - INFO - Module loaded.
2022-04-16 18:23:49,836 - elsapy.elssearch - INFO - Module loaded.
2022-04-16 18:27:00,179 - elsapy.elsclient - INFO - Module loaded.
2022-04-16 18:27:00,483 - elsapy.elsentity - INFO - Module loaded.
2022-04-16 18:27:00,484 - elsapy.utils - INFO - Module loaded.
2022-04-16 18:27:00,484 - elsapy.elsprofile - INFO - Module loaded.
2022-04-16 18:27:00,485 - elsapy.elsdoc - INFO - Module loaded.
2022-04-16 18:27:00,486 - elsapy.elssearch - INFO - Module loaded.
2022-04-16 18:27:31,532 - elsapy.elsclient - INFO - Module loaded.
2022-04-16 18:27:31,834 - elsapy.elsentity - INFO - Module loaded.
2022-04-16 18:27:31,835 - elsapy.utils - INFO - Module loaded.
2022-04-16 18:27:31,835 - elsapy.elsprofile - INFO - Module loaded.
2022-04-16 18:27:31,835 - elsapy.elsdoc - INFO - Module loaded.
2022-04-16 18:27:31,836 - elsapy.elssearch - INFO - Module loaded.
2022-04-16 18:30:11,135 - elsapy.elsclient - INFO - Module loaded.
2022-04-16 18:30:11,442 - elsapy.elsentity - INFO - Module loaded.
2022-04-16 18:30:11,443 - elsapy.utils - INFO - Module loaded.
2022-04-16 18:30:11,443 - elsapy.elsprofile - INFO - Module loaded.
2022-04-16 18:30:11,444 - elsapy.elsdoc - INFO - Module loaded.
2022-04-16 18:30:11,445 - elsapy.elssearch - INFO - Module loaded.
2022-04-16 18:30:59,012 - elsapy.elsclient - INFO - Module loaded.
2022-04-16 18:30:59,327 - elsapy.elsentity - INFO - Module loaded.
2022-04-16 18:30:59,328 - elsapy.utils - INFO - Module loaded.
2022-04-16 18:30:59,328 - elsapy.elsprofile - INFO - Module loaded.
2022-04-16 18:30:59,329 - elsapy.elsdoc - INFO - Module loaded.
2022-04-16 18:30:59,330 - elsapy.elssearch - INFO - Module loaded.
2022-04-16 18:36:12,946 - elsapy.elsclient - INFO - Module loaded.
2022-04-16 18:36:13,248 - elsapy.elsentity - INFO - Module loaded.
2022-04-16 18:36:13,248 - elsapy.utils - INFO - Module loaded.
2022-04-16 18:36:13,248 - elsapy.elsprofile - INFO - Module loaded.
2022-04-16 18:36:13,249 - elsapy.elsdoc - INFO - Module loaded.
2022-04-16 18:36:13,250 - elsapy.elssearch - INFO - Module loaded.
2022-04-16 18:37:03,917 - elsapy.elsclient - INFO - Module loaded.
2022-04-16 18:37:04,216 - elsapy.elsentity - INFO - Module loaded.
2022-04-16 18:37:04,217 - elsapy.utils - INFO - Module loaded.
2022-04-16 18:37:04,217 - elsapy.elsprofile - INFO - Module loaded.
2022-04-16 18:37:04,218 - elsapy.elsdoc - INFO - Module loaded.
2022-04-16 18:37:04,219 - elsapy.elssearch - INFO - Module loaded.
2022-04-16 18:37:20,773 - elsapy.elsclient - INFO - Module loaded.
2022-04-16 18:37:21,081 - elsapy.elsentity - INFO - Module loaded.
2022-04-16 18:37:21,082 - elsapy.utils - INFO - Module loaded.
2022-04-16 18:37:21,082 - elsapy.elsprofile - INFO - Module loaded.
2022-04-16 18:37:21,083 - elsapy.elsdoc - INFO - Module loaded.
2022-04-16 18:37:21,084 - elsapy.elssearch - INFO - Module loaded.
2022-04-16 18:38:20,066 - elsapy.elsclient - INFO - Module loaded.
2022-04-16 18:38:20,376 - elsapy.elsentity - INFO - Module loaded.
2022-04-16 18:38:20,376 - elsapy.utils - INFO - Module loaded.
2022-04-16 18:38:20,376 - elsapy.elsprofile - INFO - Module loaded.
2022-04-16 18:38:20,377 - elsapy.elsdoc - INFO - Module loaded.
2022-04-16 18:38:20,378 - elsapy.elssearch - INFO - Module loaded.
2022-04-16 18:38:23,396 - elsapy.elsclient - INFO - Module loaded.
2022-04-16 18:38:23,685 - elsapy.elsentity - INFO - Module loaded.
2022-04-16 18:38:23,686 - elsapy.utils - INFO - Module loaded.
2022-04-16 18:38:23,686 - elsapy.elsprofile - INFO - Module loaded.
2022-04-16 18:38:23,687 - elsapy.elsdoc - INFO - Module loaded.
2022-04-16 18:38:23,687 - elsapy.elssearch - INFO - Module loaded.
2022-04-16 18:38:48,463 - elsapy.elsclient - INFO - Module loaded.
2022-04-16 18:38:48,755 - elsapy.elsentity - INFO - Module loaded.
2022-04-16 18:38:48,755 - elsapy.utils - INFO - Module loaded.
2022-04-16 18:38:48,756 - elsapy.elsprofile - INFO - Module loaded.
2022-04-16 18:38:48,756 - elsapy.elsdoc - INFO - Module loaded.
2022-04-16 18:38:48,757 - elsapy.elssearch - INFO - Module loaded.
2022-04-16 18:39:55,055 - elsapy.elsclient - INFO - Module loaded.
2022-04-16 18:39:55,352 - elsapy.elsentity - INFO - Module loaded.
2022-04-16 18:39:55,353 - elsapy.utils - INFO - Module loaded.
2022-04-16 18:39:55,353 - elsapy.elsprofile - INFO - Module loaded.
2022-04-16 18:39:55,354 - elsapy.elsdoc - INFO - Module loaded.
2022-04-16 18:39:55,355 - elsapy.elssearch - INFO - Module loaded.
2022-04-16 18:40:12,942 - elsapy.elsclient - INFO - Module loaded.
2022-04-16 18:40:13,259 - elsapy.elsentity - INFO - Module loaded.
2022-04-16 18:40:13,260 - elsapy.utils - INFO - Module loaded.
2022-04-16 18:40:13,260 - elsapy.elsprofile - INFO - Module loaded.
2022-04-16 18:40:13,261 - elsapy.elsdoc - INFO - Module loaded.
2022-04-16 18:40:13,262 - elsapy.elssearch - INFO - Module loaded.
2022-04-16 18:40:20,524 - elsapy.elsclient - INFO - Module loaded.
2022-04-16 18:40:20,825 - elsapy.elsentity - INFO - Module loaded.
2022-04-16 18:40:20,826 - elsapy.utils - INFO - Module loaded.
2022-04-16 18:40:20,826 - elsapy.elsprofile - INFO - Module loaded.
2022-04-16 18:40:20,827 - elsapy.elsdoc - INFO - Module loaded.
2022-04-16 18:40:20,827 - elsapy.elssearch - INFO - Module loaded.
2022-04-16 18:40:34,303 - elsapy.elsclient - INFO - Module loaded.
2022-04-16 18:40:34,622 - elsapy.elsentity - INFO - Module loaded.
2022-04-16 18:40:34,622 - elsapy.utils - INFO - Module loaded.
2022-04-16 18:40:34,623 - elsapy.elsprofile - INFO - Module loaded.
2022-04-16 18:40:34,623 - elsapy.elsdoc - INFO - Module loaded.
2022-04-16 18:40:34,624 - elsapy.elssearch - INFO - Module loaded.
2022-04-16 18:41:00,508 - elsapy.elsclient - INFO - Module loaded.
2022-04-16 18:41:00,801 - elsapy.elsentity - INFO - Module loaded.
2022-04-16 18:41:00,801 - elsapy.utils - INFO - Module loaded.
2022-04-16 18:41:00,802 - elsapy.elsprofile - INFO - Module loaded.
2022-04-16 18:41:00,802 - elsapy.elsdoc - INFO - Module loaded.
2022-04-16 18:41:00,803 - elsapy.elssearch - INFO - Module loaded.
2022-04-16 18:41:24,625 - elsapy.elsclient - INFO - Module loaded.
2022-04-16 18:41:24,925 - elsapy.elsentity - INFO - Module loaded.
2022-04-16 18:41:24,926 - elsapy.utils - INFO - Module loaded.
2022-04-16 18:41:24,926 - elsapy.elsprofile - INFO - Module loaded.
2022-04-16 18:41:24,927 - elsapy.elsdoc - INFO - Module loaded.
2022-04-16 18:41:24,928 - elsapy.elssearch - INFO - Module loaded.
2022-04-16 18:41:30,097 - elsapy.elsclient - INFO - Module loaded.
2022-04-16 18:41:30,390 - elsapy.elsentity - INFO - Module loaded.
2022-04-16 18:41:30,390 - elsapy.utils - INFO - Module loaded.
2022-04-16 18:41:30,391 - elsapy.elsprofile - INFO - Module loaded.
2022-04-16 18:41:30,391 - elsapy.elsdoc - INFO - Module loaded.
2022-04-16 18:41:30,392 - elsapy.elssearch - INFO - Module loaded.
2022-04-16 18:41:45,872 - elsapy.elsclient - INFO - Module loaded.
2022-04-16 18:41:46,162 - elsapy.elsentity - INFO - Module loaded.
2022-04-16 18:41:46,163 - elsapy.utils - INFO - Module loaded.
2022-04-16 18:41:46,163 - elsapy.elsprofile - INFO - Module loaded.
2022-04-16 18:41:46,164 - elsapy.elsdoc - INFO - Module loaded.
2022-04-16 18:41:46,165 - elsapy.elssearch - INFO - Module loaded.
2022-04-16 18:41:51,262 - elsapy.elsclient - INFO - Module loaded.
2022-04-16 18:41:51,553 - elsapy.elsentity - INFO - Module loaded.
2022-04-16 18:41:51,554 - elsapy.utils - INFO - Module loaded.
2022-04-16 18:41:51,554 - elsapy.elsprofile - INFO - Module loaded.
2022-04-16 18:41:51,555 - elsapy.elsdoc - INFO - Module loaded.
2022-04-16 18:41:51,555 - elsapy.elssearch - INFO - Module loaded.
2022-04-16 18:42:15,339 - elsapy.elsclient - INFO - Module loaded.
2022-04-16 18:42:15,644 - elsapy.elsentity - INFO - Module loaded.
2022-04-16 18:42:15,645 - elsapy.utils - INFO - Module loaded.
2022-04-16 18:42:15,645 - elsapy.elsprofile - INFO - Module loaded.
2022-04-16 18:42:15,646 - elsapy.elsdoc - INFO - Module loaded.
2022-04-16 18:42:15,646 - elsapy.elssearch - INFO - Module loaded.
2022-04-16 18:42:49,797 - elsapy.elsclient - INFO - Module loaded.
2022-04-16 18:42:50,101 - elsapy.elsentity - INFO - Module loaded.
2022-04-16 18:42:50,101 - elsapy.utils - INFO - Module loaded.
2022-04-16 18:42:50,102 - elsapy.elsprofile - INFO - Module loaded.
2022-04-16 18:42:50,102 - elsapy.elsdoc - INFO - Module loaded.
2022-04-16 18:42:50,103 - elsapy.elssearch - INFO - Module loaded.
2022-04-16 22:20:50,426 - elsapy.elsclient - INFO - Module loaded.
2022-04-16 22:20:50,739 - elsapy.elsentity - INFO - Module loaded.
2022-04-16 22:20:50,740 - elsapy.utils - INFO - Module loaded.
2022-04-16 22:20:50,740 - elsapy.elsprofile - INFO - Module loaded.
2022-04-16 22:20:50,741 - elsapy.elsdoc - INFO - Module loaded.
2022-04-16 22:20:50,742 - elsapy.elssearch - INFO - Module loaded.
2022-04-16 22:22:07,103 - elsapy.elsclient - INFO - Module loaded.
2022-04-16 22:22:07,411 - elsapy.elsentity - INFO - Module loaded.
2022-04-16 22:22:07,411 - elsapy.utils - INFO - Module loaded.
2022-04-16 22:22:07,411 - elsapy.elsprofile - INFO - Module loaded.
2022-04-16 22:22:07,412 - elsapy.elsdoc - INFO - Module loaded.
2022-04-16 22:22:07,413 - elsapy.elssearch - INFO - Module loaded.
2022-04-16 22:26:08,417 - elsapy.elsclient - INFO - Module loaded.
2022-04-16 22:26:08,727 - elsapy.elsentity - INFO - Module loaded.
2022-04-16 22:26:08,727 - elsapy.utils - INFO - Module loaded.
2022-04-16 22:26:08,728 - elsapy.elsprofile - INFO - Module loaded.
2022-04-16 22:26:08,728 - elsapy.elsdoc - INFO - Module loaded.
2022-04-16 22:26:08,730 - elsapy.elssearch - INFO - Module loaded.
2022-04-16 22:32:55,485 - elsapy.elsclient - INFO - Module loaded.
2022-04-16 22:32:55,793 - elsapy.elsentity - INFO - Module loaded.
2022-04-16 22:32:55,794 - elsapy.utils - INFO - Module loaded.
2022-04-16 22:32:55,794 - elsapy.elsprofile - INFO - Module loaded.
2022-04-16 22:32:55,795 - elsapy.elsdoc - INFO - Module loaded.
2022-04-16 22:32:55,795 - elsapy.elssearch - INFO - Module loaded.
2022-04-16 22:35:19,653 - elsapy.elsclient - INFO - Module loaded.
2022-04-16 22:35:19,966 - elsapy.elsentity - INFO - Module loaded.
2022-04-16 22:35:19,967 - elsapy.utils - INFO - Module loaded.
2022-04-16 22:35:19,967 - elsapy.elsprofile - INFO - Module loaded.
2022-04-16 22:35:19,968 - elsapy.elsdoc - INFO - Module loaded.
2022-04-16 22:35:19,969 - elsapy.elssearch - INFO - Module loaded.
2022-04-16 22:35:42,482 - elsapy.elsclient - INFO - Module loaded.
2022-04-16 22:35:42,786 - elsapy.elsentity - INFO - Module loaded.
2022-04-16 22:35:42,786 - elsapy.utils - INFO - Module loaded.
2022-04-16 22:35:42,786 - elsapy.elsprofile - INFO - Module loaded.
2022-04-16 22:35:42,787 - elsapy.elsdoc - INFO - Module loaded.
2022-04-16 22:35:42,788 - elsapy.elssearch - INFO - Module loaded.
2022-04-16 22:35:45,889 - elsapy.elsclient - INFO - Module loaded.
2022-04-16 22:35:46,221 - elsapy.elsentity - INFO - Module loaded.
2022-04-16 22:35:46,222 - elsapy.utils - INFO - Module loaded.
2022-04-16 22:35:46,222 - elsapy.elsprofile - INFO - Module loaded.
2022-04-16 22:35:46,222 - elsapy.elsdoc - INFO - Module loaded.
2022-04-16 22:35:46,223 - elsapy.elssearch - INFO - Module loaded.
2022-04-16 22:36:12,081 - elsapy.elsclient - INFO - Module loaded.
2022-04-16 22:36:12,386 - elsapy.elsentity - INFO - Module loaded.
2022-04-16 22:36:12,386 - elsapy.utils - INFO - Module loaded.
2022-04-16 22:36:12,387 - elsapy.elsprofile - INFO - Module loaded.
2022-04-16 22:36:12,388 - elsapy.elsdoc - INFO - Module loaded.
2022-04-16 22:36:12,388 - elsapy.elssearch - INFO - Module loaded.
2022-04-16 22:36:59,996 - elsapy.elsclient - INFO - Module loaded.
2022-04-16 22:37:00,297 - elsapy.elsentity - INFO - Module loaded.
2022-04-16 22:37:00,297 - elsapy.utils - INFO - Module loaded.
2022-04-16 22:37:00,298 - elsapy.elsprofile - INFO - Module loaded.
2022-04-16 22:37:00,298 - elsapy.elsdoc - INFO - Module loaded.
2022-04-16 22:37:00,299 - elsapy.elssearch - INFO - Module loaded.
2022-04-16 22:37:02,371 - elsapy.elsclient - INFO - Module loaded.
2022-04-16 22:37:02,670 - elsapy.elsentity - INFO - Module loaded.
2022-04-16 22:37:02,671 - elsapy.utils - INFO - Module loaded.
2022-04-16 22:37:02,671 - elsapy.elsprofile - INFO - Module loaded.
2022-04-16 22:37:02,672 - elsapy.elsdoc - INFO - Module loaded.
2022-04-16 22:37:02,672 - elsapy.elssearch - INFO - Module loaded.
2022-04-16 22:37:09,899 - elsapy.elsclient - INFO - Module loaded.
2022-04-16 22:37:10,209 - elsapy.elsentity - INFO - Module loaded.
2022-04-16 22:37:10,210 - elsapy.utils - INFO - Module loaded.
2022-04-16 22:37:10,210 - elsapy.elsprofile - INFO - Module loaded.
2022-04-16 22:37:10,211 - elsapy.elsdoc - INFO - Module loaded.
2022-04-16 22:37:10,212 - elsapy.elssearch - INFO - Module loaded.
2022-04-16 22:40:49,763 - elsapy.elsclient - INFO - Module loaded.
2022-04-16 22:40:50,072 - elsapy.elsentity - INFO - Module loaded.
2022-04-16 22:40:50,073 - elsapy.utils - INFO - Module loaded.
2022-04-16 22:40:50,073 - elsapy.elsprofile - INFO - Module loaded.
2022-04-16 22:40:50,074 - elsapy.elsdoc - INFO - Module loaded.
2022-04-16 22:40:50,074 - elsapy.elssearch - INFO - Module loaded.
2022-04-16 22:40:55,159 - elsapy.elsclient - INFO - Module loaded.
2022-04-16 22:40:55,454 - elsapy.elsentity - INFO - Module loaded.
2022-04-16 22:40:55,454 - elsapy.utils - INFO - Module loaded.
2022-04-16 22:40:55,455 - elsapy.elsprofile - INFO - Module loaded.
2022-04-16 22:40:55,455 - elsapy.elsdoc - INFO - Module loaded.
2022-04-16 22:40:55,456 - elsapy.elssearch - INFO - Module loaded.
2022-04-16 22:40:59,037 - elsapy.elsclient - INFO - Module loaded.
2022-04-16 22:40:59,338 - elsapy.elsentity - INFO - Module loaded.
2022-04-16 22:40:59,339 - elsapy.utils - INFO - Module loaded.
2022-04-16 22:40:59,339 - elsapy.elsprofile - INFO - Module loaded.
2022-04-16 22:40:59,340 - elsapy.elsdoc - INFO - Module loaded.
2022-04-16 22:40:59,340 - elsapy.elssearch - INFO - Module loaded.
2022-04-16 22:42:28,545 - elsapy.elsclient - INFO - Module loaded.
2022-04-16 22:42:28,854 - elsapy.elsentity - INFO - Module loaded.
2022-04-16 22:42:28,855 - elsapy.utils - INFO - Module loaded.
2022-04-16 22:42:28,855 - elsapy.elsprofile - INFO - Module loaded.
2022-04-16 22:42:28,856 - elsapy.elsdoc - INFO - Module loaded.
2022-04-16 22:42:28,857 - elsapy.elssearch - INFO - Module loaded.
2022-04-16 22:42:39,462 - elsapy.elsclient - INFO - Module loaded.
2022-04-16 22:42:39,759 - elsapy.elsentity - INFO - Module loaded.
2022-04-16 22:42:39,759 - elsapy.utils - INFO - Module loaded.
2022-04-16 22:42:39,760 - elsapy.elsprofile - INFO - Module loaded.
2022-04-16 22:42:39,760 - elsapy.elsdoc - INFO - Module loaded.
2022-04-16 22:42:39,761 - elsapy.elssearch - INFO - Module loaded.
2022-04-16 22:43:20,206 - elsapy.elsclient - INFO - Module loaded.
2022-04-16 22:43:20,498 - elsapy.elsentity - INFO - Module loaded.
2022-04-16 22:43:20,499 - elsapy.utils - INFO - Module loaded.
2022-04-16 22:43:20,499 - elsapy.elsprofile - INFO - Module loaded.
2022-04-16 22:43:20,499 - elsapy.elsdoc - INFO - Module loaded.
2022-04-16 22:43:20,500 - elsapy.elssearch - INFO - Module loaded.
2022-04-16 22:43:49,452 - elsapy.elsclient - INFO - Module loaded.
2022-04-16 22:43:49,743 - elsapy.elsentity - INFO - Module loaded.
2022-04-16 22:43:49,743 - elsapy.utils - INFO - Module loaded.
2022-04-16 22:43:49,743 - elsapy.elsprofile - INFO - Module loaded.
2022-04-16 22:43:49,744 - elsapy.elsdoc - INFO - Module loaded.
2022-04-16 22:43:49,745 - elsapy.elssearch - INFO - Module loaded.
2022-04-16 22:46:42,881 - elsapy.elsclient - INFO - Module loaded.
2022-04-16 22:46:43,187 - elsapy.elsentity - INFO - Module loaded.
2022-04-16 22:46:43,188 - elsapy.utils - INFO - Module loaded.
2022-04-16 22:46:43,188 - elsapy.elsprofile - INFO - Module loaded.
2022-04-16 22:46:43,189 - elsapy.elsdoc - INFO - Module loaded.
2022-04-16 22:46:43,190 - elsapy.elssearch - INFO - Module loaded.
2022-04-16 22:52:31,568 - elsapy.elsclient - INFO - Module loaded.
2022-04-16 22:52:31,877 - elsapy.elsentity - INFO - Module loaded.
2022-04-16 22:52:31,878 - elsapy.utils - INFO - Module loaded.
2022-04-16 22:52:31,878 - elsapy.elsprofile - INFO - Module loaded.
2022-04-16 22:52:31,879 - elsapy.elsdoc - INFO - Module loaded.
2022-04-16 22:52:31,880 - elsapy.elssearch - INFO - Module loaded.
2022-04-16 22:52:44,394 - elsapy.elsclient - INFO - Module loaded.
2022-04-16 22:52:44,708 - elsapy.elsentity - INFO - Module loaded.
2022-04-16 22:52:44,708 - elsapy.utils - INFO - Module loaded.
2022-04-16 22:52:44,708 - elsapy.elsprofile - INFO - Module loaded.
2022-04-16 22:52:44,709 - elsapy.elsdoc - INFO - Module loaded.
2022-04-16 22:52:44,710 - elsapy.elssearch - INFO - Module loaded.
2022-04-16 22:52:58,641 - elsapy.elsclient - INFO - Module loaded.
2022-04-16 22:52:58,948 - elsapy.elsentity - INFO - Module loaded.
2022-04-16 22:52:58,949 - elsapy.utils - INFO - Module loaded.
2022-04-16 22:52:58,949 - elsapy.elsprofile - INFO - Module loaded.
2022-04-16 22:52:58,949 - elsapy.elsdoc - INFO - Module loaded.
2022-04-16 22:52:58,950 - elsapy.elssearch - INFO - Module loaded.
2022-04-16 22:54:05,331 - elsapy.elsclient - INFO - Module loaded.
2022-04-16 22:54:05,632 - elsapy.elsentity - INFO - Module loaded.
2022-04-16 22:54:05,633 - elsapy.utils - INFO - Module loaded.
2022-04-16 22:54:05,633 - elsapy.elsprofile - INFO - Module loaded.
2022-04-16 22:54:05,634 - elsapy.elsdoc - INFO - Module loaded.
2022-04-16 22:54:05,634 - elsapy.elssearch - INFO - Module loaded.
2022-04-16 23:07:31,348 - elsapy.elsclient - INFO - Module loaded.
2022-04-16 23:07:31,645 - elsapy.elsentity - INFO - Module loaded.
2022-04-16 23:07:31,645 - elsapy.utils - INFO - Module loaded.
2022-04-16 23:07:31,646 - elsapy.elsprofile - INFO - Module loaded.
2022-04-16 23:07:31,647 - elsapy.elsdoc - INFO - Module loaded.
2022-04-16 23:07:31,647 - elsapy.elssearch - INFO - Module loaded.
2022-04-16 23:08:30,604 - elsapy.elsclient - INFO - Module loaded.
2022-04-16 23:08:30,918 - elsapy.elsentity - INFO - Module loaded.
2022-04-16 23:08:30,918 - elsapy.utils - INFO - Module loaded.
2022-04-16 23:08:30,919 - elsapy.elsprofile - INFO - Module loaded.
2022-04-16 23:08:30,920 - elsapy.elsdoc - INFO - Module loaded.
2022-04-16 23:08:30,920 - elsapy.elssearch - INFO - Module loaded.
2022-04-16 23:12:14,092 - elsapy.elsclient - INFO - Module loaded.
2022-04-16 23:12:14,422 - elsapy.elsentity - INFO - Module loaded.
2022-04-16 23:12:14,422 - elsapy.utils - INFO - Module loaded.
2022-04-16 23:12:14,423 - elsapy.elsprofile - INFO - Module loaded.
2022-04-16 23:12:14,423 - elsapy.elsdoc - INFO - Module loaded.
2022-04-16 23:12:14,424 - elsapy.elssearch - INFO - Module loaded.
2022-04-16 23:12:20,366 - elsapy.elsclient - INFO - Module loaded.
2022-04-16 23:12:20,655 - elsapy.elsentity - INFO - Module loaded.
2022-04-16 23:12:20,655 - elsapy.utils - INFO - Module loaded.
2022-04-16 23:12:20,655 - elsapy.elsprofile - INFO - Module loaded.
2022-04-16 23:12:20,656 - elsapy.elsdoc - INFO - Module loaded.
2022-04-16 23:12:20,657 - elsapy.elssearch - INFO - Module loaded.
2022-04-16 23:12:26,496 - elsapy.elsclient - INFO - Module loaded.
2022-04-16 23:12:26,789 - elsapy.elsentity - INFO - Module loaded.
2022-04-16 23:12:26,790 - elsapy.utils - INFO - Module loaded.
2022-04-16 23:12:26,790 - elsapy.elsprofile - INFO - Module loaded.
2022-04-16 23:12:26,790 - elsapy.elsdoc - INFO - Module loaded.
2022-04-16 23:12:26,791 - elsapy.elssearch - INFO - Module loaded.
2022-04-16 23:12:33,179 - elsapy.elsclient - INFO - Module loaded.
2022-04-16 23:12:33,466 - elsapy.elsentity - INFO - Module loaded.
2022-04-16 23:12:33,467 - elsapy.utils - INFO - Module loaded.
2022-04-16 23:12:33,467 - elsapy.elsprofile - INFO - Module loaded.
2022-04-16 23:12:33,468 - elsapy.elsdoc - INFO - Module loaded.
2022-04-16 23:12:33,468 - elsapy.elssearch - INFO - Module loaded.
2022-04-16 23:12:39,080 - elsapy.elsclient - INFO - Module loaded.
2022-04-16 23:12:39,373 - elsapy.elsentity - INFO - Module loaded.
2022-04-16 23:12:39,374 - elsapy.utils - INFO - Module loaded.
2022-04-16 23:12:39,374 - elsapy.elsprofile - INFO - Module loaded.
2022-04-16 23:12:39,375 - elsapy.elsdoc - INFO - Module loaded.
2022-04-16 23:12:39,376 - elsapy.elssearch - INFO - Module loaded.
2022-04-16 23:18:01,476 - elsapy.elsclient - INFO - Module loaded.
2022-04-16 23:18:01,767 - elsapy.elsentity - INFO - Module loaded.
2022-04-16 23:18:01,768 - elsapy.utils - INFO - Module loaded.
2022-04-16 23:18:01,768 - elsapy.elsprofile - INFO - Module loaded.
2022-04-16 23:18:01,769 - elsapy.elsdoc - INFO - Module loaded.
2022-04-16 23:18:01,769 - elsapy.elssearch - INFO - Module loaded.
2022-04-16 23:18:15,401 - elsapy.elsclient - INFO - Module loaded.
2022-04-16 23:18:15,693 - elsapy.elsentity - INFO - Module loaded.
2022-04-16 23:18:15,693 - elsapy.utils - INFO - Module loaded.
2022-04-16 23:18:15,693 - elsapy.elsprofile - INFO - Module loaded.
2022-04-16 23:18:15,694 - elsapy.elsdoc - INFO - Module loaded.
2022-04-16 23:18:15,695 - elsapy.elssearch - INFO - Module loaded.
2022-04-16 23:18:23,969 - elsapy.elsclient - INFO - Module loaded.
2022-04-16 23:18:24,265 - elsapy.elsentity - INFO - Module loaded.
2022-04-16 23:18:24,266 - elsapy.utils - INFO - Module loaded.
2022-04-16 23:18:24,266 - elsapy.elsprofile - INFO - Module loaded.
2022-04-16 23:18:24,267 - elsapy.elsdoc - INFO - Module loaded.
2022-04-16 23:18:24,267 - elsapy.elssearch - INFO - Module loaded.
2022-04-16 23:19:02,517 - elsapy.elsclient - INFO - Module loaded.
2022-04-16 23:19:02,810 - elsapy.elsentity - INFO - Module loaded.
2022-04-16 23:19:02,811 - elsapy.utils - INFO - Module loaded.
2022-04-16 23:19:02,811 - elsapy.elsprofile - INFO - Module loaded.
2022-04-16 23:19:02,812 - elsapy.elsdoc - INFO - Module loaded.
2022-04-16 23:19:02,813 - elsapy.elssearch - INFO - Module loaded.
2022-04-16 23:19:15,595 - elsapy.elsclient - INFO - Module loaded.
2022-04-16 23:19:15,889 - elsapy.elsentity - INFO - Module loaded.
2022-04-16 23:19:15,890 - elsapy.utils - INFO - Module loaded.
2022-04-16 23:19:15,890 - elsapy.elsprofile - INFO - Module loaded.
2022-04-16 23:19:15,891 - elsapy.elsdoc - INFO - Module loaded.
2022-04-16 23:19:15,891 - elsapy.elssearch - INFO - Module loaded.
2022-04-16 23:19:30,411 - elsapy.elsclient - INFO - Module loaded.
2022-04-16 23:19:30,718 - elsapy.elsentity - INFO - Module loaded.
2022-04-16 23:19:30,719 - elsapy.utils - INFO - Module loaded.
2022-04-16 23:19:30,719 - elsapy.elsprofile - INFO - Module loaded.
2022-04-16 23:19:30,720 - elsapy.elsdoc - INFO - Module loaded.
2022-04-16 23:19:30,720 - elsapy.elssearch - INFO - Module loaded.
2022-04-16 23:20:09,304 - elsapy.elsclient - INFO - Module loaded.
2022-04-16 23:20:09,603 - elsapy.elsentity - INFO - Module loaded.
2022-04-16 23:20:09,604 - elsapy.utils - INFO - Module loaded.
2022-04-16 23:20:09,604 - elsapy.elsprofile - INFO - Module loaded.
2022-04-16 23:20:09,605 - elsapy.elsdoc - INFO - Module loaded.
2022-04-16 23:20:09,606 - elsapy.elssearch - INFO - Module loaded.
2022-04-16 23:21:22,357 - elsapy.elsclient - INFO - Module loaded.
2022-04-16 23:21:22,704 - elsapy.elsentity - INFO - Module loaded.
2022-04-16 23:21:22,705 - elsapy.utils - INFO - Module loaded.
2022-04-16 23:21:22,705 - elsapy.elsprofile - INFO - Module loaded.
2022-04-16 23:21:22,706 - elsapy.elsdoc - INFO - Module loaded.
2022-04-16 23:21:22,707 - elsapy.elssearch - INFO - Module loaded.
2022-04-16 23:21:34,495 - elsapy.elsclient - INFO - Module loaded.
2022-04-16 23:21:34,797 - elsapy.elsentity - INFO - Module loaded.
2022-04-16 23:21:34,798 - elsapy.utils - INFO - Module loaded.
2022-04-16 23:21:34,798 - elsapy.elsprofile - INFO - Module loaded.
2022-04-16 23:21:34,799 - elsapy.elsdoc - INFO - Module loaded.
2022-04-16 23:21:34,800 - elsapy.elssearch - INFO - Module loaded.
2022-04-16 23:34:02,413 - elsapy.elsclient - INFO - Module loaded.
2022-04-16 23:34:02,712 - elsapy.elsentity - INFO - Module loaded.
2022-04-16 23:34:02,713 - elsapy.utils - INFO - Module loaded.
2022-04-16 23:34:02,713 - elsapy.elsprofile - INFO - Module loaded.
2022-04-16 23:34:02,714 - elsapy.elsdoc - INFO - Module loaded.
2022-04-16 23:34:02,715 - elsapy.elssearch - INFO - Module loaded.
2022-04-16 23:35:31,965 - elsapy.elsclient - INFO - Module loaded.
2022-04-16 23:35:32,264 - elsapy.elsentity - INFO - Module loaded.
2022-04-16 23:35:32,264 - elsapy.utils - INFO - Module loaded.
2022-04-16 23:35:32,265 - elsapy.elsprofile - INFO - Module loaded.
2022-04-16 23:35:32,265 - elsapy.elsdoc - INFO - Module loaded.
2022-04-16 23:35:32,266 - elsapy.elssearch - INFO - Module loaded.
