2022-04-18 01:46:03,500 - elsapy.elsclient - INFO - Module loaded.
2022-04-18 01:46:04,611 - elsapy.elsentity - INFO - Module loaded.
2022-04-18 01:46:04,612 - elsapy.utils - INFO - Module loaded.
2022-04-18 01:46:04,612 - elsapy.elsprofile - INFO - Module loaded.
2022-04-18 01:46:04,613 - elsapy.elsdoc - INFO - Module loaded.
2022-04-18 01:46:04,614 - elsapy.elssearch - INFO - Module loaded.
2022-04-18 18:18:22,284 - elsapy.elsclient - INFO - Module loaded.
2022-04-18 18:18:23,509 - elsapy.elsentity - INFO - Module loaded.
2022-04-18 18:18:23,510 - elsapy.utils - INFO - Module loaded.
2022-04-18 18:18:23,511 - elsapy.elsprofile - INFO - Module loaded.
2022-04-18 18:18:23,512 - elsapy.elsdoc - INFO - Module loaded.
2022-04-18 18:18:23,513 - elsapy.elssearch - INFO - Module loaded.
2022-04-18 18:40:47,183 - elsapy.elsclient - INFO - Module loaded.
2022-04-18 18:40:47,487 - elsapy.elsentity - INFO - Module loaded.
2022-04-18 18:40:47,487 - elsapy.utils - INFO - Module loaded.
2022-04-18 18:40:47,488 - elsapy.elsprofile - INFO - Module loaded.
2022-04-18 18:40:47,489 - elsapy.elsdoc - INFO - Module loaded.
2022-04-18 18:40:47,489 - elsapy.elssearch - INFO - Module loaded.
2022-04-18 18:41:38,061 - elsapy.elsclient - INFO - Module loaded.
2022-04-18 18:41:38,361 - elsapy.elsentity - INFO - Module loaded.
2022-04-18 18:41:38,362 - elsapy.utils - INFO - Module loaded.
2022-04-18 18:41:38,362 - elsapy.elsprofile - INFO - Module loaded.
2022-04-18 18:41:38,362 - elsapy.elsdoc - INFO - Module loaded.
2022-04-18 18:41:38,363 - elsapy.elssearch - INFO - Module loaded.
2022-04-18 18:41:48,737 - elsapy.elsclient - INFO - Module loaded.
2022-04-18 18:41:49,040 - elsapy.elsentity - INFO - Module loaded.
2022-04-18 18:41:49,040 - elsapy.utils - INFO - Module loaded.
2022-04-18 18:41:49,041 - elsapy.elsprofile - INFO - Module loaded.
2022-04-18 18:41:49,041 - elsapy.elsdoc - INFO - Module loaded.
2022-04-18 18:41:49,042 - elsapy.elssearch - INFO - Module loaded.
2022-04-18 18:41:56,290 - elsapy.elsclient - INFO - Module loaded.
2022-04-18 18:41:56,584 - elsapy.elsentity - INFO - Module loaded.
2022-04-18 18:41:56,585 - elsapy.utils - INFO - Module loaded.
2022-04-18 18:41:56,585 - elsapy.elsprofile - INFO - Module loaded.
2022-04-18 18:41:56,586 - elsapy.elsdoc - INFO - Module loaded.
2022-04-18 18:41:56,587 - elsapy.elssearch - INFO - Module loaded.
2022-04-18 18:41:59,646 - elsapy.elsclient - INFO - Module loaded.
2022-04-18 18:41:59,936 - elsapy.elsentity - INFO - Module loaded.
2022-04-18 18:41:59,936 - elsapy.utils - INFO - Module loaded.
2022-04-18 18:41:59,936 - elsapy.elsprofile - INFO - Module loaded.
2022-04-18 18:41:59,937 - elsapy.elsdoc - INFO - Module loaded.
2022-04-18 18:41:59,938 - elsapy.elssearch - INFO - Module loaded.
2022-04-18 18:42:05,059 - elsapy.elsclient - INFO - Module loaded.
2022-04-18 18:42:05,345 - elsapy.elsentity - INFO - Module loaded.
2022-04-18 18:42:05,345 - elsapy.utils - INFO - Module loaded.
2022-04-18 18:42:05,346 - elsapy.elsprofile - INFO - Module loaded.
2022-04-18 18:42:05,347 - elsapy.elsdoc - INFO - Module loaded.
2022-04-18 18:42:05,347 - elsapy.elssearch - INFO - Module loaded.
2022-04-18 18:42:43,663 - elsapy.elsclient - INFO - Module loaded.
2022-04-18 18:42:43,959 - elsapy.elsentity - INFO - Module loaded.
2022-04-18 18:42:43,960 - elsapy.utils - INFO - Module loaded.
2022-04-18 18:42:43,960 - elsapy.elsprofile - INFO - Module loaded.
2022-04-18 18:42:43,961 - elsapy.elsdoc - INFO - Module loaded.
2022-04-18 18:42:43,962 - elsapy.elssearch - INFO - Module loaded.
2022-04-18 18:43:13,995 - elsapy.elsclient - INFO - Module loaded.
2022-04-18 18:43:14,286 - elsapy.elsentity - INFO - Module loaded.
2022-04-18 18:43:14,287 - elsapy.utils - INFO - Module loaded.
2022-04-18 18:43:14,287 - elsapy.elsprofile - INFO - Module loaded.
2022-04-18 18:43:14,288 - elsapy.elsdoc - INFO - Module loaded.
2022-04-18 18:43:14,288 - elsapy.elssearch - INFO - Module loaded.
2022-04-18 18:44:52,976 - elsapy.elsclient - INFO - Module loaded.
2022-04-18 18:44:53,264 - elsapy.elsentity - INFO - Module loaded.
2022-04-18 18:44:53,265 - elsapy.utils - INFO - Module loaded.
2022-04-18 18:44:53,265 - elsapy.elsprofile - INFO - Module loaded.
2022-04-18 18:44:53,266 - elsapy.elsdoc - INFO - Module loaded.
2022-04-18 18:44:53,267 - elsapy.elssearch - INFO - Module loaded.
2022-04-18 18:44:57,369 - elsapy.elsclient - INFO - Module loaded.
2022-04-18 18:44:57,659 - elsapy.elsentity - INFO - Module loaded.
2022-04-18 18:44:57,659 - elsapy.utils - INFO - Module loaded.
2022-04-18 18:44:57,660 - elsapy.elsprofile - INFO - Module loaded.
2022-04-18 18:44:57,660 - elsapy.elsdoc - INFO - Module loaded.
2022-04-18 18:44:57,661 - elsapy.elssearch - INFO - Module loaded.
2022-04-18 18:45:01,789 - elsapy.elsclient - INFO - Module loaded.
2022-04-18 18:45:02,093 - elsapy.elsentity - INFO - Module loaded.
2022-04-18 18:45:02,094 - elsapy.utils - INFO - Module loaded.
2022-04-18 18:45:02,094 - elsapy.elsprofile - INFO - Module loaded.
2022-04-18 18:45:02,095 - elsapy.elsdoc - INFO - Module loaded.
2022-04-18 18:45:02,096 - elsapy.elssearch - INFO - Module loaded.
2022-04-18 18:45:34,178 - elsapy.elsclient - INFO - Module loaded.
2022-04-18 18:45:34,460 - elsapy.elsentity - INFO - Module loaded.
2022-04-18 18:45:34,460 - elsapy.utils - INFO - Module loaded.
2022-04-18 18:45:34,461 - elsapy.elsprofile - INFO - Module loaded.
2022-04-18 18:45:34,461 - elsapy.elsdoc - INFO - Module loaded.
2022-04-18 18:45:34,462 - elsapy.elssearch - INFO - Module loaded.
2022-04-18 18:45:37,540 - elsapy.elsclient - INFO - Module loaded.
2022-04-18 18:45:37,862 - elsapy.elsentity - INFO - Module loaded.
2022-04-18 18:45:37,863 - elsapy.utils - INFO - Module loaded.
2022-04-18 18:45:37,863 - elsapy.elsprofile - INFO - Module loaded.
2022-04-18 18:45:37,864 - elsapy.elsdoc - INFO - Module loaded.
2022-04-18 18:45:37,865 - elsapy.elssearch - INFO - Module loaded.
2022-04-18 18:46:31,964 - elsapy.elsclient - INFO - Module loaded.
2022-04-18 18:46:32,253 - elsapy.elsentity - INFO - Module loaded.
2022-04-18 18:46:32,254 - elsapy.utils - INFO - Module loaded.
2022-04-18 18:46:32,254 - elsapy.elsprofile - INFO - Module loaded.
2022-04-18 18:46:32,254 - elsapy.elsdoc - INFO - Module loaded.
2022-04-18 18:46:32,255 - elsapy.elssearch - INFO - Module loaded.
2022-04-18 18:46:51,897 - elsapy.elsclient - INFO - Module loaded.
2022-04-18 18:46:52,185 - elsapy.elsentity - INFO - Module loaded.
2022-04-18 18:46:52,186 - elsapy.utils - INFO - Module loaded.
2022-04-18 18:46:52,186 - elsapy.elsprofile - INFO - Module loaded.
2022-04-18 18:46:52,187 - elsapy.elsdoc - INFO - Module loaded.
2022-04-18 18:46:52,188 - elsapy.elssearch - INFO - Module loaded.
2022-04-18 18:46:59,446 - elsapy.elsclient - INFO - Module loaded.
2022-04-18 18:46:59,743 - elsapy.elsentity - INFO - Module loaded.
2022-04-18 18:46:59,743 - elsapy.utils - INFO - Module loaded.
2022-04-18 18:46:59,743 - elsapy.elsprofile - INFO - Module loaded.
2022-04-18 18:46:59,744 - elsapy.elsdoc - INFO - Module loaded.
2022-04-18 18:46:59,745 - elsapy.elssearch - INFO - Module loaded.
2022-04-18 18:47:24,592 - elsapy.elsclient - INFO - Module loaded.
2022-04-18 18:47:24,899 - elsapy.elsentity - INFO - Module loaded.
2022-04-18 18:47:24,900 - elsapy.utils - INFO - Module loaded.
2022-04-18 18:47:24,900 - elsapy.elsprofile - INFO - Module loaded.
2022-04-18 18:47:24,901 - elsapy.elsdoc - INFO - Module loaded.
2022-04-18 18:47:24,902 - elsapy.elssearch - INFO - Module loaded.
2022-04-18 18:47:31,696 - elsapy.elsclient - INFO - Module loaded.
2022-04-18 18:47:31,983 - elsapy.elsentity - INFO - Module loaded.
2022-04-18 18:47:31,983 - elsapy.utils - INFO - Module loaded.
2022-04-18 18:47:31,984 - elsapy.elsprofile - INFO - Module loaded.
2022-04-18 18:47:31,984 - elsapy.elsdoc - INFO - Module loaded.
2022-04-18 18:47:31,985 - elsapy.elssearch - INFO - Module loaded.
2022-04-18 18:47:38,148 - elsapy.elsclient - INFO - Module loaded.
2022-04-18 18:47:38,438 - elsapy.elsentity - INFO - Module loaded.
2022-04-18 18:47:38,439 - elsapy.utils - INFO - Module loaded.
2022-04-18 18:47:38,439 - elsapy.elsprofile - INFO - Module loaded.
2022-04-18 18:47:38,440 - elsapy.elsdoc - INFO - Module loaded.
2022-04-18 18:47:38,440 - elsapy.elssearch - INFO - Module loaded.
2022-04-18 18:48:09,144 - elsapy.elsclient - INFO - Module loaded.
2022-04-18 18:48:09,456 - elsapy.elsentity - INFO - Module loaded.
2022-04-18 18:48:09,457 - elsapy.utils - INFO - Module loaded.
2022-04-18 18:48:09,457 - elsapy.elsprofile - INFO - Module loaded.
2022-04-18 18:48:09,458 - elsapy.elsdoc - INFO - Module loaded.
2022-04-18 18:48:09,459 - elsapy.elssearch - INFO - Module loaded.
2022-04-18 18:48:55,351 - elsapy.elsclient - INFO - Module loaded.
2022-04-18 18:48:55,683 - elsapy.elsentity - INFO - Module loaded.
2022-04-18 18:48:55,684 - elsapy.utils - INFO - Module loaded.
2022-04-18 18:48:55,684 - elsapy.elsprofile - INFO - Module loaded.
2022-04-18 18:48:55,685 - elsapy.elsdoc - INFO - Module loaded.
2022-04-18 18:48:55,686 - elsapy.elssearch - INFO - Module loaded.
2022-04-18 18:49:46,634 - elsapy.elsclient - INFO - Module loaded.
2022-04-18 18:49:46,963 - elsapy.elsentity - INFO - Module loaded.
2022-04-18 18:49:46,964 - elsapy.utils - INFO - Module loaded.
2022-04-18 18:49:46,964 - elsapy.elsprofile - INFO - Module loaded.
2022-04-18 18:49:46,965 - elsapy.elsdoc - INFO - Module loaded.
2022-04-18 18:49:46,966 - elsapy.elssearch - INFO - Module loaded.
2022-04-18 18:50:17,754 - elsapy.elsclient - INFO - Module loaded.
2022-04-18 18:50:18,064 - elsapy.elsentity - INFO - Module loaded.
2022-04-18 18:50:18,064 - elsapy.utils - INFO - Module loaded.
2022-04-18 18:50:18,064 - elsapy.elsprofile - INFO - Module loaded.
2022-04-18 18:50:18,065 - elsapy.elsdoc - INFO - Module loaded.
2022-04-18 18:50:18,066 - elsapy.elssearch - INFO - Module loaded.
2022-04-18 18:50:47,510 - elsapy.elsclient - INFO - Module loaded.
2022-04-18 18:50:47,819 - elsapy.elsentity - INFO - Module loaded.
2022-04-18 18:50:47,820 - elsapy.utils - INFO - Module loaded.
2022-04-18 18:50:47,820 - elsapy.elsprofile - INFO - Module loaded.
2022-04-18 18:50:47,821 - elsapy.elsdoc - INFO - Module loaded.
2022-04-18 18:50:47,822 - elsapy.elssearch - INFO - Module loaded.
2022-04-18 18:51:10,633 - elsapy.elsclient - INFO - Module loaded.
2022-04-18 18:51:10,924 - elsapy.elsentity - INFO - Module loaded.
2022-04-18 18:51:10,925 - elsapy.utils - INFO - Module loaded.
2022-04-18 18:51:10,925 - elsapy.elsprofile - INFO - Module loaded.
2022-04-18 18:51:10,926 - elsapy.elsdoc - INFO - Module loaded.
2022-04-18 18:51:10,926 - elsapy.elssearch - INFO - Module loaded.
2022-04-18 18:51:21,250 - elsapy.elsclient - INFO - Module loaded.
2022-04-18 18:51:21,542 - elsapy.elsentity - INFO - Module loaded.
2022-04-18 18:51:21,542 - elsapy.utils - INFO - Module loaded.
2022-04-18 18:51:21,542 - elsapy.elsprofile - INFO - Module loaded.
2022-04-18 18:51:21,543 - elsapy.elsdoc - INFO - Module loaded.
2022-04-18 18:51:21,544 - elsapy.elssearch - INFO - Module loaded.
2022-04-18 18:54:39,524 - elsapy.elsclient - INFO - Module loaded.
2022-04-18 18:54:39,817 - elsapy.elsentity - INFO - Module loaded.
2022-04-18 18:54:39,818 - elsapy.utils - INFO - Module loaded.
2022-04-18 18:54:39,818 - elsapy.elsprofile - INFO - Module loaded.
2022-04-18 18:54:39,819 - elsapy.elsdoc - INFO - Module loaded.
2022-04-18 18:54:39,819 - elsapy.elssearch - INFO - Module loaded.
2022-04-18 18:54:49,119 - elsapy.elsclient - INFO - Module loaded.
2022-04-18 18:54:49,451 - elsapy.elsentity - INFO - Module loaded.
2022-04-18 18:54:49,452 - elsapy.utils - INFO - Module loaded.
2022-04-18 18:54:49,452 - elsapy.elsprofile - INFO - Module loaded.
2022-04-18 18:54:49,453 - elsapy.elsdoc - INFO - Module loaded.
2022-04-18 18:54:49,453 - elsapy.elssearch - INFO - Module loaded.
2022-04-18 18:55:13,916 - elsapy.elsclient - INFO - Module loaded.
2022-04-18 18:55:14,247 - elsapy.elsentity - INFO - Module loaded.
2022-04-18 18:55:14,248 - elsapy.utils - INFO - Module loaded.
2022-04-18 18:55:14,248 - elsapy.elsprofile - INFO - Module loaded.
2022-04-18 18:55:14,249 - elsapy.elsdoc - INFO - Module loaded.
2022-04-18 18:55:14,249 - elsapy.elssearch - INFO - Module loaded.
2022-04-18 18:55:33,324 - elsapy.elsclient - INFO - Module loaded.
2022-04-18 18:55:33,634 - elsapy.elsentity - INFO - Module loaded.
2022-04-18 18:55:33,635 - elsapy.utils - INFO - Module loaded.
2022-04-18 18:55:33,635 - elsapy.elsprofile - INFO - Module loaded.
2022-04-18 18:55:33,635 - elsapy.elsdoc - INFO - Module loaded.
2022-04-18 18:55:33,636 - elsapy.elssearch - INFO - Module loaded.
2022-04-18 18:55:42,188 - elsapy.elsclient - INFO - Module loaded.
2022-04-18 18:55:42,499 - elsapy.elsentity - INFO - Module loaded.
2022-04-18 18:55:42,499 - elsapy.utils - INFO - Module loaded.
2022-04-18 18:55:42,500 - elsapy.elsprofile - INFO - Module loaded.
2022-04-18 18:55:42,500 - elsapy.elsdoc - INFO - Module loaded.
2022-04-18 18:55:42,501 - elsapy.elssearch - INFO - Module loaded.
2022-04-18 18:55:54,084 - elsapy.elsclient - INFO - Module loaded.
2022-04-18 18:55:54,378 - elsapy.elsentity - INFO - Module loaded.
2022-04-18 18:55:54,378 - elsapy.utils - INFO - Module loaded.
2022-04-18 18:55:54,379 - elsapy.elsprofile - INFO - Module loaded.
2022-04-18 18:55:54,379 - elsapy.elsdoc - INFO - Module loaded.
2022-04-18 18:55:54,380 - elsapy.elssearch - INFO - Module loaded.
2022-04-18 18:56:12,979 - elsapy.elsclient - INFO - Module loaded.
2022-04-18 18:56:13,295 - elsapy.elsentity - INFO - Module loaded.
2022-04-18 18:56:13,295 - elsapy.utils - INFO - Module loaded.
2022-04-18 18:56:13,296 - elsapy.elsprofile - INFO - Module loaded.
2022-04-18 18:56:13,296 - elsapy.elsdoc - INFO - Module loaded.
2022-04-18 18:56:13,297 - elsapy.elssearch - INFO - Module loaded.
2022-04-18 18:56:20,553 - elsapy.elsclient - INFO - Module loaded.
2022-04-18 18:56:20,875 - elsapy.elsentity - INFO - Module loaded.
2022-04-18 18:56:20,876 - elsapy.utils - INFO - Module loaded.
2022-04-18 18:56:20,876 - elsapy.elsprofile - INFO - Module loaded.
2022-04-18 18:56:20,877 - elsapy.elsdoc - INFO - Module loaded.
2022-04-18 18:56:20,878 - elsapy.elssearch - INFO - Module loaded.
2022-04-18 18:56:23,996 - elsapy.elsclient - INFO - Module loaded.
2022-04-18 18:56:24,291 - elsapy.elsentity - INFO - Module loaded.
2022-04-18 18:56:24,291 - elsapy.utils - INFO - Module loaded.
2022-04-18 18:56:24,292 - elsapy.elsprofile - INFO - Module loaded.
2022-04-18 18:56:24,293 - elsapy.elsdoc - INFO - Module loaded.
2022-04-18 18:56:24,293 - elsapy.elssearch - INFO - Module loaded.
2022-04-18 18:57:01,735 - elsapy.elsclient - INFO - Module loaded.
2022-04-18 18:57:02,041 - elsapy.elsentity - INFO - Module loaded.
2022-04-18 18:57:02,041 - elsapy.utils - INFO - Module loaded.
2022-04-18 18:57:02,042 - elsapy.elsprofile - INFO - Module loaded.
2022-04-18 18:57:02,043 - elsapy.elsdoc - INFO - Module loaded.
2022-04-18 18:57:02,043 - elsapy.elssearch - INFO - Module loaded.
2022-04-18 18:57:20,683 - elsapy.elsclient - INFO - Module loaded.
2022-04-18 18:57:20,979 - elsapy.elsentity - INFO - Module loaded.
2022-04-18 18:57:20,980 - elsapy.utils - INFO - Module loaded.
2022-04-18 18:57:20,980 - elsapy.elsprofile - INFO - Module loaded.
2022-04-18 18:57:20,981 - elsapy.elsdoc - INFO - Module loaded.
2022-04-18 18:57:20,982 - elsapy.elssearch - INFO - Module loaded.
2022-04-18 18:57:39,632 - elsapy.elsclient - INFO - Module loaded.
2022-04-18 18:57:39,950 - elsapy.elsentity - INFO - Module loaded.
2022-04-18 18:57:39,950 - elsapy.utils - INFO - Module loaded.
2022-04-18 18:57:39,951 - elsapy.elsprofile - INFO - Module loaded.
2022-04-18 18:57:39,951 - elsapy.elsdoc - INFO - Module loaded.
2022-04-18 18:57:39,952 - elsapy.elssearch - INFO - Module loaded.
2022-04-18 18:57:49,246 - elsapy.elsclient - INFO - Module loaded.
2022-04-18 18:57:49,542 - elsapy.elsentity - INFO - Module loaded.
2022-04-18 18:57:49,543 - elsapy.utils - INFO - Module loaded.
2022-04-18 18:57:49,544 - elsapy.elsprofile - INFO - Module loaded.
2022-04-18 18:57:49,544 - elsapy.elsdoc - INFO - Module loaded.
2022-04-18 18:57:49,545 - elsapy.elssearch - INFO - Module loaded.
2022-04-18 18:57:56,172 - elsapy.elsclient - INFO - Sending GET request to https://api.elsevier.com/content/author/author_id/43461712600
2022-04-18 18:57:57,117 - elsapy.elsentity - INFO - Data loaded for https://api.elsevier.com/content/author/author_id/43461712600
2022-04-18 18:57:57,122 - elsapy.elsentity - INFO - Wrote https://api.elsevier.com/content/author/author_id/43461712600 to file
2022-04-18 18:58:08,604 - elsapy.elsclient - INFO - Module loaded.
2022-04-18 18:58:08,919 - elsapy.elsentity - INFO - Module loaded.
2022-04-18 18:58:08,920 - elsapy.utils - INFO - Module loaded.
2022-04-18 18:58:08,920 - elsapy.elsprofile - INFO - Module loaded.
2022-04-18 18:58:08,921 - elsapy.elsdoc - INFO - Module loaded.
2022-04-18 18:58:08,922 - elsapy.elssearch - INFO - Module loaded.
2022-04-18 18:58:10,638 - elsapy.elsclient - INFO - Sending GET request to https://api.elsevier.com/content/author/author_id/43461712600
2022-04-18 18:58:11,385 - elsapy.elsentity - INFO - Data loaded for https://api.elsevier.com/content/author/author_id/43461712600
2022-04-18 18:58:11,388 - elsapy.elsentity - INFO - Wrote https://api.elsevier.com/content/author/author_id/43461712600 to file
2022-04-18 18:58:35,048 - elsapy.elsclient - INFO - Module loaded.
2022-04-18 18:58:35,390 - elsapy.elsentity - INFO - Module loaded.
2022-04-18 18:58:35,391 - elsapy.utils - INFO - Module loaded.
2022-04-18 18:58:35,391 - elsapy.elsprofile - INFO - Module loaded.
2022-04-18 18:58:35,392 - elsapy.elsdoc - INFO - Module loaded.
2022-04-18 18:58:35,393 - elsapy.elssearch - INFO - Module loaded.
2022-04-18 18:58:43,667 - elsapy.elsclient - INFO - Module loaded.
2022-04-18 18:58:44,025 - elsapy.elsentity - INFO - Module loaded.
2022-04-18 18:58:44,026 - elsapy.utils - INFO - Module loaded.
2022-04-18 18:58:44,026 - elsapy.elsprofile - INFO - Module loaded.
2022-04-18 18:58:44,027 - elsapy.elsdoc - INFO - Module loaded.
2022-04-18 18:58:44,027 - elsapy.elssearch - INFO - Module loaded.
2022-04-18 18:58:49,882 - elsapy.elsclient - INFO - Sending GET request to https://api.elsevier.com/content/author/author_id/43461712600
2022-04-18 18:58:50,354 - elsapy.elsentity - INFO - Data loaded for https://api.elsevier.com/content/author/author_id/43461712600
2022-04-18 18:58:50,357 - elsapy.elsentity - INFO - Wrote https://api.elsevier.com/content/author/author_id/43461712600 to file
2022-04-18 19:02:17,634 - elsapy.elsclient - INFO - Module loaded.
2022-04-18 19:02:17,956 - elsapy.elsentity - INFO - Module loaded.
2022-04-18 19:02:17,957 - elsapy.utils - INFO - Module loaded.
2022-04-18 19:02:17,957 - elsapy.elsprofile - INFO - Module loaded.
2022-04-18 19:02:17,958 - elsapy.elsdoc - INFO - Module loaded.
2022-04-18 19:02:17,959 - elsapy.elssearch - INFO - Module loaded.
2022-04-18 19:02:24,114 - elsapy.elsclient - INFO - Sending GET request to https://api.elsevier.com/content/author/author_id/43461712600
2022-04-18 19:02:24,655 - elsapy.elsentity - INFO - Data loaded for https://api.elsevier.com/content/author/author_id/43461712600
2022-04-18 19:02:24,658 - elsapy.elsentity - INFO - Wrote https://api.elsevier.com/content/author/author_id/43461712600 to file
2022-04-18 19:02:50,480 - elsapy.elsclient - INFO - Module loaded.
2022-04-18 19:02:50,771 - elsapy.elsentity - INFO - Module loaded.
2022-04-18 19:02:50,771 - elsapy.utils - INFO - Module loaded.
2022-04-18 19:02:50,772 - elsapy.elsprofile - INFO - Module loaded.
2022-04-18 19:02:50,772 - elsapy.elsdoc - INFO - Module loaded.
2022-04-18 19:02:50,773 - elsapy.elssearch - INFO - Module loaded.
2022-04-18 19:02:55,973 - elsapy.elsclient - INFO - Module loaded.
2022-04-18 19:02:56,305 - elsapy.elsentity - INFO - Module loaded.
2022-04-18 19:02:56,306 - elsapy.utils - INFO - Module loaded.
2022-04-18 19:02:56,306 - elsapy.elsprofile - INFO - Module loaded.
2022-04-18 19:02:56,307 - elsapy.elsdoc - INFO - Module loaded.
2022-04-18 19:02:56,307 - elsapy.elssearch - INFO - Module loaded.
2022-04-18 19:02:56,978 - elsapy.elsclient - INFO - Sending GET request to https://api.elsevier.com/content/author/author_id/43461712600
2022-04-18 19:02:57,541 - elsapy.elsentity - INFO - Data loaded for https://api.elsevier.com/content/author/author_id/43461712600
2022-04-18 19:02:57,544 - elsapy.elsentity - INFO - Wrote https://api.elsevier.com/content/author/author_id/43461712600 to file
2022-04-18 19:04:32,843 - elsapy.elsclient - INFO - Module loaded.
2022-04-18 19:04:33,173 - elsapy.elsentity - INFO - Module loaded.
2022-04-18 19:04:33,174 - elsapy.utils - INFO - Module loaded.
2022-04-18 19:04:33,174 - elsapy.elsprofile - INFO - Module loaded.
2022-04-18 19:04:33,175 - elsapy.elsdoc - INFO - Module loaded.
2022-04-18 19:04:33,176 - elsapy.elssearch - INFO - Module loaded.
2022-04-18 19:04:34,427 - elsapy.elsclient - INFO - Sending GET request to https://api.elsevier.com/content/author/author_id/43461712600
2022-04-18 19:04:35,281 - elsapy.elsentity - INFO - Data loaded for https://api.elsevier.com/content/author/author_id/43461712600
2022-04-18 19:04:35,284 - elsapy.elsentity - INFO - Wrote https://api.elsevier.com/content/author/author_id/43461712600 to file
2022-04-18 19:06:19,071 - elsapy.elsclient - INFO - Module loaded.
2022-04-18 19:06:19,373 - elsapy.elsentity - INFO - Module loaded.
2022-04-18 19:06:19,373 - elsapy.utils - INFO - Module loaded.
2022-04-18 19:06:19,374 - elsapy.elsprofile - INFO - Module loaded.
2022-04-18 19:06:19,374 - elsapy.elsdoc - INFO - Module loaded.
2022-04-18 19:06:19,375 - elsapy.elssearch - INFO - Module loaded.
2022-04-18 19:06:22,640 - elsapy.elsclient - INFO - Sending GET request to https://api.elsevier.com/content/author/author_id/43461712600
2022-04-18 19:06:23,103 - elsapy.elsentity - INFO - Data loaded for https://api.elsevier.com/content/author/author_id/43461712600
2022-04-18 19:06:23,105 - elsapy.elsentity - INFO - Wrote https://api.elsevier.com/content/author/author_id/43461712600 to file
2022-04-18 19:06:31,158 - elsapy.elsclient - INFO - Module loaded.
2022-04-18 19:06:31,476 - elsapy.elsentity - INFO - Module loaded.
2022-04-18 19:06:31,477 - elsapy.utils - INFO - Module loaded.
2022-04-18 19:06:31,477 - elsapy.elsprofile - INFO - Module loaded.
2022-04-18 19:06:31,478 - elsapy.elsdoc - INFO - Module loaded.
2022-04-18 19:06:31,479 - elsapy.elssearch - INFO - Module loaded.
2022-04-18 19:06:32,596 - elsapy.elsclient - INFO - Sending GET request to https://api.elsevier.com/content/author/author_id/43461712600
2022-04-18 19:06:33,072 - elsapy.elsentity - INFO - Data loaded for https://api.elsevier.com/content/author/author_id/43461712600
2022-04-18 19:06:33,075 - elsapy.elsentity - INFO - Wrote https://api.elsevier.com/content/author/author_id/43461712600 to file
